INFO:root:search for IP
DEBUG:root:lo0: flags=8049<UP,LOOPBACK,RUNNING,MULTICAST> mtu 16384
	options=1203<RXCSUM,TXCSUM,TXSTATUS,SW_TIMESTAMP>
	inet 127.0.0.1 netmask 0xff000000
	inet6 ::1 prefixlen 128 
	inet6 fe80::1%lo0 prefixlen 64 scopeid 0x1 
	nd6 options=201<PERFORMNUD,DAD>
gif0: flags=8010<POINTOPOINT,MULTICAST> mtu 1280
stf0: flags=0<> mtu 1280
anpi0: flags=8863<UP,BROADCAST,SMART,RUNNING,SIMPLEX,MULTICAST> mtu 1500
	options=400<CHANNEL_IO>
	ether 4a:03:05:39:d6:d3
	media: none
	status: inactive
anpi1: flags=8863<UP,BROADCAST,SMART,RUNNING,SIMPLEX,MULTICAST> mtu 1500
	options=400<CHANNEL_IO>
	ether 4a:03:05:39:d6:d4
	media: none
	status: inactive
en3: flags=8863<UP,BROADCAST,SMART,RUNNING,SIMPLEX,MULTICAST> mtu 1500
	options=400<CHANNEL_IO>
	ether 4a:03:05:39:d6:b3
	nd6 options=201<PERFORMNUD,DAD>
	media: none
	status: inactive
en4: flags=8863<UP,BROADCAST,SMART,RUNNING,SIMPLEX,MULTICAST> mtu 1500
	options=400<CHANNEL_IO>
	ether 4a:03:05:39:d6:b4
	nd6 options=201<PERFORMNUD,DAD>
	media: none
	status: inactive
en1: flags=8963<UP,BROADCAST,SMART,RUNNING,PROMISC,SIMPLEX,MULTICAST> mtu 1500
	options=460<TSO4,TSO6,CHANNEL_IO>
	ether 36:05:77:31:dd:c0
	media: autoselect <full-duplex>
	status: inactive
en2: flags=8963<UP,BROADCAST,SMART,RUNNING,PROMISC,SIMPLEX,MULTICAST> mtu 1500
	options=460<TSO4,TSO6,CHANNEL_IO>
	ether 36:05:77:31:dd:c4
	media: autoselect <full-duplex>
	status: inactive
bridge0: flags=8863<UP,BROADCAST,SMART,RUNNING,SIMPLEX,MULTICAST> mtu 1500
	options=63<RXCSUM,TXCSUM,TSO4,TSO6>
	ether 36:05:77:31:dd:c0
	Configuration:
		id 0:0:0:0:0:0 priority 0 hellotime 0 fwddelay 0
		maxage 0 holdcnt 0 proto stp maxaddr 100 timeout 1200
		root id 0:0:0:0:0:0 priority 0 ifcost 0 port 0
		ipfilter disabled flags 0x0
	member: en1 flags=3<LEARNING,DISCOVER>
	        ifmaxaddr 0 port 9 priority 0 path cost 0
	member: en2 flags=3<LEARNING,DISCOVER>
	        ifmaxaddr 0 port 10 priority 0 path cost 0
	nd6 options=201<PERFORMNUD,DAD>
	media: <unknown type>
	status: inactive
ap1: flags=8843<UP,BROADCAST,RUNNING,SIMPLEX,MULTICAST> mtu 1500
	options=6460<TSO4,TSO6,CHANNEL_IO,PARTIAL_CSUM,ZEROINVERT_CSUM>
	ether f2:88:0c:85:82:15
	inet6 fe80::f088:cff:fe85:8215%ap1 prefixlen 64 scopeid 0xc 
	nd6 options=201<PERFORMNUD,DAD>
	media: autoselect (<unknown type>)
	status: inactive
en0: flags=8863<UP,BROADCAST,SMART,RUNNING,SIMPLEX,MULTICAST> mtu 1500
	options=6460<TSO4,TSO6,CHANNEL_IO,PARTIAL_CSUM,ZEROINVERT_CSUM>
	ether d0:88:0c:85:82:15
	inet6 fe80::4e3:b231:e932:2f83%en0 prefixlen 64 secured scopeid 0xd 
	inet 192.168.178.195 netmask 0xffffff00 broadcast 192.168.178.255
	inet6 2003:f8:747:ad00:1041:67ab:f082:c498 prefixlen 64 autoconf secured 
	inet6 2003:f8:747:ad00:480b:36ae:bc37:62f prefixlen 64 deprecated autoconf temporary 
	inet6 2003:f8:747:ad00:c485:c9b0:8b40:b6dd prefixlen 64 autoconf temporary 
	nd6 options=201<PERFORMNUD,DAD>
	media: autoselect
	status: active
awdl0: flags=8843<UP,BROADCAST,RUNNING,SIMPLEX,MULTICAST> mtu 1500
	options=6460<TSO4,TSO6,CHANNEL_IO,PARTIAL_CSUM,ZEROINVERT_CSUM>
	ether ee:c1:67:b4:31:35
	inet6 fe80::ecc1:67ff:feb4:3135%awdl0 prefixlen 64 scopeid 0xe 
	nd6 options=201<PERFORMNUD,DAD>
	media: autoselect
	status: active
llw0: flags=8863<UP,BROADCAST,SMART,RUNNING,SIMPLEX,MULTICAST> mtu 1500
	options=400<CHANNEL_IO>
	ether ee:c1:67:b4:31:35
	inet6 fe80::ecc1:67ff:feb4:3135%llw0 prefixlen 64 scopeid 0xf 
	nd6 options=201<PERFORMNUD,DAD>
	media: autoselect
	status: inactive
utun0: flags=8051<UP,POINTOPOINT,RUNNING,MULTICAST> mtu 1380
	inet6 fe80::7b33:c3fd:6acd:c631%utun0 prefixlen 64 scopeid 0x10 
	nd6 options=201<PERFORMNUD,DAD>
utun1: flags=8051<UP,POINTOPOINT,RUNNING,MULTICAST> mtu 1500
	inet6 fe80::1d06:4262:a2cc:60d7%utun1 prefixlen 64 scopeid 0x11 
	nd6 options=201<PERFORMNUD,DAD>
utun2: flags=8051<UP,POINTOPOINT,RUNNING,MULTICAST> mtu 2000
	inet6 fe80::bc25:e8f5:b9c7:7742%utun2 prefixlen 64 scopeid 0x12 
	nd6 options=201<PERFORMNUD,DAD>
utun3: flags=8051<UP,POINTOPOINT,RUNNING,MULTICAST> mtu 1000
	inet6 fe80::ce81:b1c:bd2c:69e%utun3 prefixlen 64 scopeid 0x13 
	nd6 options=201<PERFORMNUD,DAD>
en5: flags=8863<UP,BROADCAST,SMART,RUNNING,SIMPLEX,MULTICAST> mtu 1500
	options=404<VLAN_MTU,CHANNEL_IO>
	ether 80:6d:97:43:66:b2
	nd6 options=201<PERFORMNUD,DAD>
	media: autoselect (none)
	status: inactive

INFO:werkzeug:127.0.0.1 - - [05/Nov/2023 13:40:42] "GET /main/ipstate HTTP/1.1" 200 -
INFO:werkzeug: * Detected change in '/Users/matthiasfuchs/Projects/schwimmen/NuvoLEDWebsocket/flaskr/helper.py', reloading
INFO:werkzeug: * Restarting with stat
WARNING:werkzeug: * Debugger is active!
INFO:werkzeug: * Debugger PIN: 105-184-221
INFO:werkzeug: * Detected change in '/Users/matthiasfuchs/Projects/schwimmen/NuvoLEDWebsocket/flaskr/main.py', reloading
INFO:werkzeug: * Restarting with stat
WARNING:werkzeug: * Debugger is active!
INFO:werkzeug: * Debugger PIN: 105-184-221
INFO:root:search for IP
DEBUG:root:lo0: flags=8049<UP,LOOPBACK,RUNNING,MULTICAST> mtu 16384
	options=1203<RXCSUM,TXCSUM,TXSTATUS,SW_TIMESTAMP>
	inet 127.0.0.1 netmask 0xff000000
	inet6 ::1 prefixlen 128 
	inet6 fe80::1%lo0 prefixlen 64 scopeid 0x1 
	nd6 options=201<PERFORMNUD,DAD>
gif0: flags=8010<POINTOPOINT,MULTICAST> mtu 1280
stf0: flags=0<> mtu 1280
anpi0: flags=8863<UP,BROADCAST,SMART,RUNNING,SIMPLEX,MULTICAST> mtu 1500
	options=400<CHANNEL_IO>
	ether 4a:03:05:39:d6:d3
	media: none
	status: inactive
anpi1: flags=8863<UP,BROADCAST,SMART,RUNNING,SIMPLEX,MULTICAST> mtu 1500
	options=400<CHANNEL_IO>
	ether 4a:03:05:39:d6:d4
	media: none
	status: inactive
en3: flags=8863<UP,BROADCAST,SMART,RUNNING,SIMPLEX,MULTICAST> mtu 1500
	options=400<CHANNEL_IO>
	ether 4a:03:05:39:d6:b3
	nd6 options=201<PERFORMNUD,DAD>
	media: none
	status: inactive
en4: flags=8863<UP,BROADCAST,SMART,RUNNING,SIMPLEX,MULTICAST> mtu 1500
	options=400<CHANNEL_IO>
	ether 4a:03:05:39:d6:b4
	nd6 options=201<PERFORMNUD,DAD>
	media: none
	status: inactive
en1: flags=8963<UP,BROADCAST,SMART,RUNNING,PROMISC,SIMPLEX,MULTICAST> mtu 1500
	options=460<TSO4,TSO6,CHANNEL_IO>
	ether 36:05:77:31:dd:c0
	media: autoselect <full-duplex>
	status: inactive
en2: flags=8963<UP,BROADCAST,SMART,RUNNING,PROMISC,SIMPLEX,MULTICAST> mtu 1500
	options=460<TSO4,TSO6,CHANNEL_IO>
	ether 36:05:77:31:dd:c4
	media: autoselect <full-duplex>
	status: inactive
bridge0: flags=8863<UP,BROADCAST,SMART,RUNNING,SIMPLEX,MULTICAST> mtu 1500
	options=63<RXCSUM,TXCSUM,TSO4,TSO6>
	ether 36:05:77:31:dd:c0
	Configuration:
		id 0:0:0:0:0:0 priority 0 hellotime 0 fwddelay 0
		maxage 0 holdcnt 0 proto stp maxaddr 100 timeout 1200
		root id 0:0:0:0:0:0 priority 0 ifcost 0 port 0
		ipfilter disabled flags 0x0
	member: en1 flags=3<LEARNING,DISCOVER>
	        ifmaxaddr 0 port 9 priority 0 path cost 0
	member: en2 flags=3<LEARNING,DISCOVER>
	        ifmaxaddr 0 port 10 priority 0 path cost 0
	nd6 options=201<PERFORMNUD,DAD>
	media: <unknown type>
	status: inactive
ap1: flags=8843<UP,BROADCAST,RUNNING,SIMPLEX,MULTICAST> mtu 1500
	options=6460<TSO4,TSO6,CHANNEL_IO,PARTIAL_CSUM,ZEROINVERT_CSUM>
	ether f2:88:0c:85:82:15
	inet6 fe80::f088:cff:fe85:8215%ap1 prefixlen 64 scopeid 0xc 
	nd6 options=201<PERFORMNUD,DAD>
	media: autoselect (<unknown type>)
	status: inactive
en0: flags=8863<UP,BROADCAST,SMART,RUNNING,SIMPLEX,MULTICAST> mtu 1500
	options=6460<TSO4,TSO6,CHANNEL_IO,PARTIAL_CSUM,ZEROINVERT_CSUM>
	ether d0:88:0c:85:82:15
	inet6 fe80::4e3:b231:e932:2f83%en0 prefixlen 64 secured scopeid 0xd 
	inet 192.168.178.195 netmask 0xffffff00 broadcast 192.168.178.255
	inet6 2003:f8:747:ad00:1041:67ab:f082:c498 prefixlen 64 autoconf secured 
	inet6 2003:f8:747:ad00:480b:36ae:bc37:62f prefixlen 64 deprecated autoconf temporary 
	inet6 2003:f8:747:ad00:c485:c9b0:8b40:b6dd prefixlen 64 autoconf temporary 
	nd6 options=201<PERFORMNUD,DAD>
	media: autoselect
	status: active
awdl0: flags=8843<UP,BROADCAST,RUNNING,SIMPLEX,MULTICAST> mtu 1500
	options=6460<TSO4,TSO6,CHANNEL_IO,PARTIAL_CSUM,ZEROINVERT_CSUM>
	ether ee:c1:67:b4:31:35
	inet6 fe80::ecc1:67ff:feb4:3135%awdl0 prefixlen 64 scopeid 0xe 
	nd6 options=201<PERFORMNUD,DAD>
	media: autoselect
	status: active
llw0: flags=8863<UP,BROADCAST,SMART,RUNNING,SIMPLEX,MULTICAST> mtu 1500
	options=400<CHANNEL_IO>
	ether ee:c1:67:b4:31:35
	inet6 fe80::ecc1:67ff:feb4:3135%llw0 prefixlen 64 scopeid 0xf 
	nd6 options=201<PERFORMNUD,DAD>
	media: autoselect
	status: inactive
utun0: flags=8051<UP,POINTOPOINT,RUNNING,MULTICAST> mtu 1380
	inet6 fe80::7b33:c3fd:6acd:c631%utun0 prefixlen 64 scopeid 0x10 
	nd6 options=201<PERFORMNUD,DAD>
utun1: flags=8051<UP,POINTOPOINT,RUNNING,MULTICAST> mtu 1500
	inet6 fe80::1d06:4262:a2cc:60d7%utun1 prefixlen 64 scopeid 0x11 
	nd6 options=201<PERFORMNUD,DAD>
utun2: flags=8051<UP,POINTOPOINT,RUNNING,MULTICAST> mtu 2000
	inet6 fe80::bc25:e8f5:b9c7:7742%utun2 prefixlen 64 scopeid 0x12 
	nd6 options=201<PERFORMNUD,DAD>
utun3: flags=8051<UP,POINTOPOINT,RUNNING,MULTICAST> mtu 1000
	inet6 fe80::ce81:b1c:bd2c:69e%utun3 prefixlen 64 scopeid 0x13 
	nd6 options=201<PERFORMNUD,DAD>
en5: flags=8863<UP,BROADCAST,SMART,RUNNING,SIMPLEX,MULTICAST> mtu 1500
	options=404<VLAN_MTU,CHANNEL_IO>
	ether 80:6d:97:43:66:b2
	nd6 options=201<PERFORMNUD,DAD>
	media: autoselect (none)
	status: inactive

INFO:root:search for IP
DEBUG:root:lo0: flags=8049<UP,LOOPBACK,RUNNING,MULTICAST> mtu 16384
	options=1203<RXCSUM,TXCSUM,TXSTATUS,SW_TIMESTAMP>
	inet 127.0.0.1 netmask 0xff000000
	inet6 ::1 prefixlen 128 
	inet6 fe80::1%lo0 prefixlen 64 scopeid 0x1 
	nd6 options=201<PERFORMNUD,DAD>
gif0: flags=8010<POINTOPOINT,MULTICAST> mtu 1280
stf0: flags=0<> mtu 1280
anpi0: flags=8863<UP,BROADCAST,SMART,RUNNING,SIMPLEX,MULTICAST> mtu 1500
	options=400<CHANNEL_IO>
	ether 4a:03:05:39:d6:d3
	media: none
	status: inactive
anpi1: flags=8863<UP,BROADCAST,SMART,RUNNING,SIMPLEX,MULTICAST> mtu 1500
	options=400<CHANNEL_IO>
	ether 4a:03:05:39:d6:d4
	media: none
	status: inactive
en3: flags=8863<UP,BROADCAST,SMART,RUNNING,SIMPLEX,MULTICAST> mtu 1500
	options=400<CHANNEL_IO>
	ether 4a:03:05:39:d6:b3
	nd6 options=201<PERFORMNUD,DAD>
	media: none
	status: inactive
en4: flags=8863<UP,BROADCAST,SMART,RUNNING,SIMPLEX,MULTICAST> mtu 1500
	options=400<CHANNEL_IO>
	ether 4a:03:05:39:d6:b4
	nd6 options=201<PERFORMNUD,DAD>
	media: none
	status: inactive
en1: flags=8963<UP,BROADCAST,SMART,RUNNING,PROMISC,SIMPLEX,MULTICAST> mtu 1500
	options=460<TSO4,TSO6,CHANNEL_IO>
	ether 36:05:77:31:dd:c0
	media: autoselect <full-duplex>
	status: inactive
en2: flags=8963<UP,BROADCAST,SMART,RUNNING,PROMISC,SIMPLEX,MULTICAST> mtu 1500
	options=460<TSO4,TSO6,CHANNEL_IO>
	ether 36:05:77:31:dd:c4
	media: autoselect <full-duplex>
	status: inactive
bridge0: flags=8863<UP,BROADCAST,SMART,RUNNING,SIMPLEX,MULTICAST> mtu 1500
	options=63<RXCSUM,TXCSUM,TSO4,TSO6>
	ether 36:05:77:31:dd:c0
	Configuration:
		id 0:0:0:0:0:0 priority 0 hellotime 0 fwddelay 0
		maxage 0 holdcnt 0 proto stp maxaddr 100 timeout 1200
		root id 0:0:0:0:0:0 priority 0 ifcost 0 port 0
		ipfilter disabled flags 0x0
	member: en1 flags=3<LEARNING,DISCOVER>
	        ifmaxaddr 0 port 9 priority 0 path cost 0
	member: en2 flags=3<LEARNING,DISCOVER>
	        ifmaxaddr 0 port 10 priority 0 path cost 0
	nd6 options=201<PERFORMNUD,DAD>
	media: <unknown type>
	status: inactive
ap1: flags=8843<UP,BROADCAST,RUNNING,SIMPLEX,MULTICAST> mtu 1500
	options=6460<TSO4,TSO6,CHANNEL_IO,PARTIAL_CSUM,ZEROINVERT_CSUM>
	ether f2:88:0c:85:82:15
	inet6 fe80::f088:cff:fe85:8215%ap1 prefixlen 64 scopeid 0xc 
	nd6 options=201<PERFORMNUD,DAD>
	media: autoselect (<unknown type>)
	status: inactive
en0: flags=8863<UP,BROADCAST,SMART,RUNNING,SIMPLEX,MULTICAST> mtu 1500
	options=6460<TSO4,TSO6,CHANNEL_IO,PARTIAL_CSUM,ZEROINVERT_CSUM>
	ether d0:88:0c:85:82:15
	inet6 fe80::4e3:b231:e932:2f83%en0 prefixlen 64 secured scopeid 0xd 
	inet 192.168.178.195 netmask 0xffffff00 broadcast 192.168.178.255
	inet6 2003:f8:747:ad00:1041:67ab:f082:c498 prefixlen 64 autoconf secured 
	inet6 2003:f8:747:ad00:480b:36ae:bc37:62f prefixlen 64 deprecated autoconf temporary 
	inet6 2003:f8:747:ad00:c485:c9b0:8b40:b6dd prefixlen 64 autoconf temporary 
	nd6 options=201<PERFORMNUD,DAD>
	media: autoselect
	status: active
awdl0: flags=8843<UP,BROADCAST,RUNNING,SIMPLEX,MULTICAST> mtu 1500
	options=6460<TSO4,TSO6,CHANNEL_IO,PARTIAL_CSUM,ZEROINVERT_CSUM>
	ether ee:c1:67:b4:31:35
	inet6 fe80::ecc1:67ff:feb4:3135%awdl0 prefixlen 64 scopeid 0xe 
	nd6 options=201<PERFORMNUD,DAD>
	media: autoselect
	status: active
llw0: flags=8863<UP,BROADCAST,SMART,RUNNING,SIMPLEX,MULTICAST> mtu 1500
	options=400<CHANNEL_IO>
	ether ee:c1:67:b4:31:35
	inet6 fe80::ecc1:67ff:feb4:3135%llw0 prefixlen 64 scopeid 0xf 
	nd6 options=201<PERFORMNUD,DAD>
	media: autoselect
	status: inactive
utun0: flags=8051<UP,POINTOPOINT,RUNNING,MULTICAST> mtu 1380
	inet6 fe80::7b33:c3fd:6acd:c631%utun0 prefixlen 64 scopeid 0x10 
	nd6 options=201<PERFORMNUD,DAD>
utun1: flags=8051<UP,POINTOPOINT,RUNNING,MULTICAST> mtu 1500
	inet6 fe80::1d06:4262:a2cc:60d7%utun1 prefixlen 64 scopeid 0x11 
	nd6 options=201<PERFORMNUD,DAD>
utun2: flags=8051<UP,POINTOPOINT,RUNNING,MULTICAST> mtu 2000
	inet6 fe80::bc25:e8f5:b9c7:7742%utun2 prefixlen 64 scopeid 0x12 
	nd6 options=201<PERFORMNUD,DAD>
utun3: flags=8051<UP,POINTOPOINT,RUNNING,MULTICAST> mtu 1000
	inet6 fe80::ce81:b1c:bd2c:69e%utun3 prefixlen 64 scopeid 0x13 
	nd6 options=201<PERFORMNUD,DAD>
en5: flags=8863<UP,BROADCAST,SMART,RUNNING,SIMPLEX,MULTICAST> mtu 1500
	options=404<VLAN_MTU,CHANNEL_IO>
	ether 80:6d:97:43:66:b2
	nd6 options=201<PERFORMNUD,DAD>
	media: autoselect (none)
	status: inactive

INFO:werkzeug:127.0.0.1 - - [05/Nov/2023 13:42:30] "[35m[1mGET /main/ipstate HTTP/1.1[0m" 500 -
INFO:werkzeug: * Detected change in '/Users/matthiasfuchs/Projects/schwimmen/NuvoLEDWebsocket/flaskr/helper.py', reloading
INFO:werkzeug: * Restarting with stat
WARNING:werkzeug: * Debugger is active!
INFO:werkzeug: * Debugger PIN: 105-184-221
INFO:root:search for IP
DEBUG:root:lo0: flags=8049<UP,LOOPBACK,RUNNING,MULTICAST> mtu 16384
	options=1203<RXCSUM,TXCSUM,TXSTATUS,SW_TIMESTAMP>
	inet 127.0.0.1 netmask 0xff000000
	inet6 ::1 prefixlen 128 
	inet6 fe80::1%lo0 prefixlen 64 scopeid 0x1 
	nd6 options=201<PERFORMNUD,DAD>
gif0: flags=8010<POINTOPOINT,MULTICAST> mtu 1280
stf0: flags=0<> mtu 1280
anpi0: flags=8863<UP,BROADCAST,SMART,RUNNING,SIMPLEX,MULTICAST> mtu 1500
	options=400<CHANNEL_IO>
	ether 4a:03:05:39:d6:d3
	media: none
	status: inactive
anpi1: flags=8863<UP,BROADCAST,SMART,RUNNING,SIMPLEX,MULTICAST> mtu 1500
	options=400<CHANNEL_IO>
	ether 4a:03:05:39:d6:d4
	media: none
	status: inactive
en3: flags=8863<UP,BROADCAST,SMART,RUNNING,SIMPLEX,MULTICAST> mtu 1500
	options=400<CHANNEL_IO>
	ether 4a:03:05:39:d6:b3
	nd6 options=201<PERFORMNUD,DAD>
	media: none
	status: inactive
en4: flags=8863<UP,BROADCAST,SMART,RUNNING,SIMPLEX,MULTICAST> mtu 1500
	options=400<CHANNEL_IO>
	ether 4a:03:05:39:d6:b4
	nd6 options=201<PERFORMNUD,DAD>
	media: none
	status: inactive
en1: flags=8963<UP,BROADCAST,SMART,RUNNING,PROMISC,SIMPLEX,MULTICAST> mtu 1500
	options=460<TSO4,TSO6,CHANNEL_IO>
	ether 36:05:77:31:dd:c0
	media: autoselect <full-duplex>
	status: inactive
en2: flags=8963<UP,BROADCAST,SMART,RUNNING,PROMISC,SIMPLEX,MULTICAST> mtu 1500
	options=460<TSO4,TSO6,CHANNEL_IO>
	ether 36:05:77:31:dd:c4
	media: autoselect <full-duplex>
	status: inactive
bridge0: flags=8863<UP,BROADCAST,SMART,RUNNING,SIMPLEX,MULTICAST> mtu 1500
	options=63<RXCSUM,TXCSUM,TSO4,TSO6>
	ether 36:05:77:31:dd:c0
	Configuration:
		id 0:0:0:0:0:0 priority 0 hellotime 0 fwddelay 0
		maxage 0 holdcnt 0 proto stp maxaddr 100 timeout 1200
		root id 0:0:0:0:0:0 priority 0 ifcost 0 port 0
		ipfilter disabled flags 0x0
	member: en1 flags=3<LEARNING,DISCOVER>
	        ifmaxaddr 0 port 9 priority 0 path cost 0
	member: en2 flags=3<LEARNING,DISCOVER>
	        ifmaxaddr 0 port 10 priority 0 path cost 0
	nd6 options=201<PERFORMNUD,DAD>
	media: <unknown type>
	status: inactive
ap1: flags=8843<UP,BROADCAST,RUNNING,SIMPLEX,MULTICAST> mtu 1500
	options=6460<TSO4,TSO6,CHANNEL_IO,PARTIAL_CSUM,ZEROINVERT_CSUM>
	ether f2:88:0c:85:82:15
	inet6 fe80::f088:cff:fe85:8215%ap1 prefixlen 64 scopeid 0xc 
	nd6 options=201<PERFORMNUD,DAD>
	media: autoselect (<unknown type>)
	status: inactive
en0: flags=8863<UP,BROADCAST,SMART,RUNNING,SIMPLEX,MULTICAST> mtu 1500
	options=6460<TSO4,TSO6,CHANNEL_IO,PARTIAL_CSUM,ZEROINVERT_CSUM>
	ether d0:88:0c:85:82:15
	inet6 fe80::4e3:b231:e932:2f83%en0 prefixlen 64 secured scopeid 0xd 
	inet 192.168.178.195 netmask 0xffffff00 broadcast 192.168.178.255
	inet6 2003:f8:747:ad00:1041:67ab:f082:c498 prefixlen 64 autoconf secured 
	inet6 2003:f8:747:ad00:480b:36ae:bc37:62f prefixlen 64 deprecated autoconf temporary 
	inet6 2003:f8:747:ad00:c485:c9b0:8b40:b6dd prefixlen 64 autoconf temporary 
	nd6 options=201<PERFORMNUD,DAD>
	media: autoselect
	status: active
awdl0: flags=8843<UP,BROADCAST,RUNNING,SIMPLEX,MULTICAST> mtu 1500
	options=6460<TSO4,TSO6,CHANNEL_IO,PARTIAL_CSUM,ZEROINVERT_CSUM>
	ether ee:c1:67:b4:31:35
	inet6 fe80::ecc1:67ff:feb4:3135%awdl0 prefixlen 64 scopeid 0xe 
	nd6 options=201<PERFORMNUD,DAD>
	media: autoselect
	status: active
llw0: flags=8863<UP,BROADCAST,SMART,RUNNING,SIMPLEX,MULTICAST> mtu 1500
	options=400<CHANNEL_IO>
	ether ee:c1:67:b4:31:35
	inet6 fe80::ecc1:67ff:feb4:3135%llw0 prefixlen 64 scopeid 0xf 
	nd6 options=201<PERFORMNUD,DAD>
	media: autoselect
	status: inactive
utun0: flags=8051<UP,POINTOPOINT,RUNNING,MULTICAST> mtu 1380
	inet6 fe80::7b33:c3fd:6acd:c631%utun0 prefixlen 64 scopeid 0x10 
	nd6 options=201<PERFORMNUD,DAD>
utun1: flags=8051<UP,POINTOPOINT,RUNNING,MULTICAST> mtu 1500
	inet6 fe80::1d06:4262:a2cc:60d7%utun1 prefixlen 64 scopeid 0x11 
	nd6 options=201<PERFORMNUD,DAD>
utun2: flags=8051<UP,POINTOPOINT,RUNNING,MULTICAST> mtu 2000
	inet6 fe80::bc25:e8f5:b9c7:7742%utun2 prefixlen 64 scopeid 0x12 
	nd6 options=201<PERFORMNUD,DAD>
utun3: flags=8051<UP,POINTOPOINT,RUNNING,MULTICAST> mtu 1000
	inet6 fe80::ce81:b1c:bd2c:69e%utun3 prefixlen 64 scopeid 0x13 
	nd6 options=201<PERFORMNUD,DAD>
en5: flags=8863<UP,BROADCAST,SMART,RUNNING,SIMPLEX,MULTICAST> mtu 1500
	options=404<VLAN_MTU,CHANNEL_IO>
	ether 80:6d:97:43:66:b2
	nd6 options=201<PERFORMNUD,DAD>
	media: autoselect (none)
	status: inactive

INFO:root:search for IP
DEBUG:root:lo0: flags=8049<UP,LOOPBACK,RUNNING,MULTICAST> mtu 16384
	options=1203<RXCSUM,TXCSUM,TXSTATUS,SW_TIMESTAMP>
	inet 127.0.0.1 netmask 0xff000000
	inet6 ::1 prefixlen 128 
	inet6 fe80::1%lo0 prefixlen 64 scopeid 0x1 
	nd6 options=201<PERFORMNUD,DAD>
gif0: flags=8010<POINTOPOINT,MULTICAST> mtu 1280
stf0: flags=0<> mtu 1280
anpi0: flags=8863<UP,BROADCAST,SMART,RUNNING,SIMPLEX,MULTICAST> mtu 1500
	options=400<CHANNEL_IO>
	ether 4a:03:05:39:d6:d3
	media: none
	status: inactive
anpi1: flags=8863<UP,BROADCAST,SMART,RUNNING,SIMPLEX,MULTICAST> mtu 1500
	options=400<CHANNEL_IO>
	ether 4a:03:05:39:d6:d4
	media: none
	status: inactive
en3: flags=8863<UP,BROADCAST,SMART,RUNNING,SIMPLEX,MULTICAST> mtu 1500
	options=400<CHANNEL_IO>
	ether 4a:03:05:39:d6:b3
	nd6 options=201<PERFORMNUD,DAD>
	media: none
	status: inactive
en4: flags=8863<UP,BROADCAST,SMART,RUNNING,SIMPLEX,MULTICAST> mtu 1500
	options=400<CHANNEL_IO>
	ether 4a:03:05:39:d6:b4
	nd6 options=201<PERFORMNUD,DAD>
	media: none
	status: inactive
en1: flags=8963<UP,BROADCAST,SMART,RUNNING,PROMISC,SIMPLEX,MULTICAST> mtu 1500
	options=460<TSO4,TSO6,CHANNEL_IO>
	ether 36:05:77:31:dd:c0
	media: autoselect <full-duplex>
	status: inactive
en2: flags=8963<UP,BROADCAST,SMART,RUNNING,PROMISC,SIMPLEX,MULTICAST> mtu 1500
	options=460<TSO4,TSO6,CHANNEL_IO>
	ether 36:05:77:31:dd:c4
	media: autoselect <full-duplex>
	status: inactive
bridge0: flags=8863<UP,BROADCAST,SMART,RUNNING,SIMPLEX,MULTICAST> mtu 1500
	options=63<RXCSUM,TXCSUM,TSO4,TSO6>
	ether 36:05:77:31:dd:c0
	Configuration:
		id 0:0:0:0:0:0 priority 0 hellotime 0 fwddelay 0
		maxage 0 holdcnt 0 proto stp maxaddr 100 timeout 1200
		root id 0:0:0:0:0:0 priority 0 ifcost 0 port 0
		ipfilter disabled flags 0x0
	member: en1 flags=3<LEARNING,DISCOVER>
	        ifmaxaddr 0 port 9 priority 0 path cost 0
	member: en2 flags=3<LEARNING,DISCOVER>
	        ifmaxaddr 0 port 10 priority 0 path cost 0
	nd6 options=201<PERFORMNUD,DAD>
	media: <unknown type>
	status: inactive
ap1: flags=8843<UP,BROADCAST,RUNNING,SIMPLEX,MULTICAST> mtu 1500
	options=6460<TSO4,TSO6,CHANNEL_IO,PARTIAL_CSUM,ZEROINVERT_CSUM>
	ether f2:88:0c:85:82:15
	inet6 fe80::f088:cff:fe85:8215%ap1 prefixlen 64 scopeid 0xc 
	nd6 options=201<PERFORMNUD,DAD>
	media: autoselect (<unknown type>)
	status: inactive
en0: flags=8863<UP,BROADCAST,SMART,RUNNING,SIMPLEX,MULTICAST> mtu 1500
	options=6460<TSO4,TSO6,CHANNEL_IO,PARTIAL_CSUM,ZEROINVERT_CSUM>
	ether d0:88:0c:85:82:15
	inet6 fe80::4e3:b231:e932:2f83%en0 prefixlen 64 secured scopeid 0xd 
	inet 192.168.178.195 netmask 0xffffff00 broadcast 192.168.178.255
	inet6 2003:f8:747:ad00:1041:67ab:f082:c498 prefixlen 64 autoconf secured 
	inet6 2003:f8:747:ad00:480b:36ae:bc37:62f prefixlen 64 deprecated autoconf temporary 
	inet6 2003:f8:747:ad00:c485:c9b0:8b40:b6dd prefixlen 64 autoconf temporary 
	nd6 options=201<PERFORMNUD,DAD>
	media: autoselect
	status: active
awdl0: flags=8843<UP,BROADCAST,RUNNING,SIMPLEX,MULTICAST> mtu 1500
	options=6460<TSO4,TSO6,CHANNEL_IO,PARTIAL_CSUM,ZEROINVERT_CSUM>
	ether ee:c1:67:b4:31:35
	inet6 fe80::ecc1:67ff:feb4:3135%awdl0 prefixlen 64 scopeid 0xe 
	nd6 options=201<PERFORMNUD,DAD>
	media: autoselect
	status: active
llw0: flags=8863<UP,BROADCAST,SMART,RUNNING,SIMPLEX,MULTICAST> mtu 1500
	options=400<CHANNEL_IO>
	ether ee:c1:67:b4:31:35
	inet6 fe80::ecc1:67ff:feb4:3135%llw0 prefixlen 64 scopeid 0xf 
	nd6 options=201<PERFORMNUD,DAD>
	media: autoselect
	status: inactive
utun0: flags=8051<UP,POINTOPOINT,RUNNING,MULTICAST> mtu 1380
	inet6 fe80::7b33:c3fd:6acd:c631%utun0 prefixlen 64 scopeid 0x10 
	nd6 options=201<PERFORMNUD,DAD>
utun1: flags=8051<UP,POINTOPOINT,RUNNING,MULTICAST> mtu 1500
	inet6 fe80::1d06:4262:a2cc:60d7%utun1 prefixlen 64 scopeid 0x11 
	nd6 options=201<PERFORMNUD,DAD>
utun2: flags=8051<UP,POINTOPOINT,RUNNING,MULTICAST> mtu 2000
	inet6 fe80::bc25:e8f5:b9c7:7742%utun2 prefixlen 64 scopeid 0x12 
	nd6 options=201<PERFORMNUD,DAD>
utun3: flags=8051<UP,POINTOPOINT,RUNNING,MULTICAST> mtu 1000
	inet6 fe80::ce81:b1c:bd2c:69e%utun3 prefixlen 64 scopeid 0x13 
	nd6 options=201<PERFORMNUD,DAD>
en5: flags=8863<UP,BROADCAST,SMART,RUNNING,SIMPLEX,MULTICAST> mtu 1500
	options=404<VLAN_MTU,CHANNEL_IO>
	ether 80:6d:97:43:66:b2
	nd6 options=201<PERFORMNUD,DAD>
	media: autoselect (none)
	status: inactive

INFO:werkzeug:127.0.0.1 - - [05/Nov/2023 13:44:31] "GET /main/ipstate HTTP/1.1" 200 -
INFO:werkzeug: * Detected change in '/Users/matthiasfuchs/Projects/schwimmen/NuvoLEDWebsocket/flaskr/helper.py', reloading
INFO:werkzeug: * Restarting with stat
WARNING:werkzeug: * Debugger is active!
INFO:werkzeug: * Debugger PIN: 105-184-221
INFO:root:search for IP
DEBUG:root:lo0: flags=8049<UP,LOOPBACK,RUNNING,MULTICAST> mtu 16384
	options=1203<RXCSUM,TXCSUM,TXSTATUS,SW_TIMESTAMP>
	inet 127.0.0.1 netmask 0xff000000
	inet6 ::1 prefixlen 128 
	inet6 fe80::1%lo0 prefixlen 64 scopeid 0x1 
	nd6 options=201<PERFORMNUD,DAD>
gif0: flags=8010<POINTOPOINT,MULTICAST> mtu 1280
stf0: flags=0<> mtu 1280
anpi0: flags=8863<UP,BROADCAST,SMART,RUNNING,SIMPLEX,MULTICAST> mtu 1500
	options=400<CHANNEL_IO>
	ether 4a:03:05:39:d6:d3
	media: none
	status: inactive
anpi1: flags=8863<UP,BROADCAST,SMART,RUNNING,SIMPLEX,MULTICAST> mtu 1500
	options=400<CHANNEL_IO>
	ether 4a:03:05:39:d6:d4
	media: none
	status: inactive
en3: flags=8863<UP,BROADCAST,SMART,RUNNING,SIMPLEX,MULTICAST> mtu 1500
	options=400<CHANNEL_IO>
	ether 4a:03:05:39:d6:b3
	nd6 options=201<PERFORMNUD,DAD>
	media: none
	status: inactive
en4: flags=8863<UP,BROADCAST,SMART,RUNNING,SIMPLEX,MULTICAST> mtu 1500
	options=400<CHANNEL_IO>
	ether 4a:03:05:39:d6:b4
	nd6 options=201<PERFORMNUD,DAD>
	media: none
	status: inactive
en1: flags=8963<UP,BROADCAST,SMART,RUNNING,PROMISC,SIMPLEX,MULTICAST> mtu 1500
	options=460<TSO4,TSO6,CHANNEL_IO>
	ether 36:05:77:31:dd:c0
	media: autoselect <full-duplex>
	status: inactive
en2: flags=8963<UP,BROADCAST,SMART,RUNNING,PROMISC,SIMPLEX,MULTICAST> mtu 1500
	options=460<TSO4,TSO6,CHANNEL_IO>
	ether 36:05:77:31:dd:c4
	media: autoselect <full-duplex>
	status: inactive
bridge0: flags=8863<UP,BROADCAST,SMART,RUNNING,SIMPLEX,MULTICAST> mtu 1500
	options=63<RXCSUM,TXCSUM,TSO4,TSO6>
	ether 36:05:77:31:dd:c0
	Configuration:
		id 0:0:0:0:0:0 priority 0 hellotime 0 fwddelay 0
		maxage 0 holdcnt 0 proto stp maxaddr 100 timeout 1200
		root id 0:0:0:0:0:0 priority 0 ifcost 0 port 0
		ipfilter disabled flags 0x0
	member: en1 flags=3<LEARNING,DISCOVER>
	        ifmaxaddr 0 port 9 priority 0 path cost 0
	member: en2 flags=3<LEARNING,DISCOVER>
	        ifmaxaddr 0 port 10 priority 0 path cost 0
	nd6 options=201<PERFORMNUD,DAD>
	media: <unknown type>
	status: inactive
ap1: flags=8843<UP,BROADCAST,RUNNING,SIMPLEX,MULTICAST> mtu 1500
	options=6460<TSO4,TSO6,CHANNEL_IO,PARTIAL_CSUM,ZEROINVERT_CSUM>
	ether f2:88:0c:85:82:15
	inet6 fe80::f088:cff:fe85:8215%ap1 prefixlen 64 scopeid 0xc 
	nd6 options=201<PERFORMNUD,DAD>
	media: autoselect (<unknown type>)
	status: inactive
en0: flags=8863<UP,BROADCAST,SMART,RUNNING,SIMPLEX,MULTICAST> mtu 1500
	options=6460<TSO4,TSO6,CHANNEL_IO,PARTIAL_CSUM,ZEROINVERT_CSUM>
	ether d0:88:0c:85:82:15
	inet6 fe80::4e3:b231:e932:2f83%en0 prefixlen 64 secured scopeid 0xd 
	inet 192.168.178.195 netmask 0xffffff00 broadcast 192.168.178.255
	inet6 2003:f8:747:ad00:1041:67ab:f082:c498 prefixlen 64 autoconf secured 
	inet6 2003:f8:747:ad00:480b:36ae:bc37:62f prefixlen 64 deprecated autoconf temporary 
	inet6 2003:f8:747:ad00:c485:c9b0:8b40:b6dd prefixlen 64 autoconf temporary 
	nd6 options=201<PERFORMNUD,DAD>
	media: autoselect
	status: active
awdl0: flags=8843<UP,BROADCAST,RUNNING,SIMPLEX,MULTICAST> mtu 1500
	options=6460<TSO4,TSO6,CHANNEL_IO,PARTIAL_CSUM,ZEROINVERT_CSUM>
	ether ee:c1:67:b4:31:35
	inet6 fe80::ecc1:67ff:feb4:3135%awdl0 prefixlen 64 scopeid 0xe 
	nd6 options=201<PERFORMNUD,DAD>
	media: autoselect
	status: active
llw0: flags=8863<UP,BROADCAST,SMART,RUNNING,SIMPLEX,MULTICAST> mtu 1500
	options=400<CHANNEL_IO>
	ether ee:c1:67:b4:31:35
	inet6 fe80::ecc1:67ff:feb4:3135%llw0 prefixlen 64 scopeid 0xf 
	nd6 options=201<PERFORMNUD,DAD>
	media: autoselect
	status: inactive
utun0: flags=8051<UP,POINTOPOINT,RUNNING,MULTICAST> mtu 1380
	inet6 fe80::7b33:c3fd:6acd:c631%utun0 prefixlen 64 scopeid 0x10 
	nd6 options=201<PERFORMNUD,DAD>
utun1: flags=8051<UP,POINTOPOINT,RUNNING,MULTICAST> mtu 1500
	inet6 fe80::1d06:4262:a2cc:60d7%utun1 prefixlen 64 scopeid 0x11 
	nd6 options=201<PERFORMNUD,DAD>
utun2: flags=8051<UP,POINTOPOINT,RUNNING,MULTICAST> mtu 2000
	inet6 fe80::bc25:e8f5:b9c7:7742%utun2 prefixlen 64 scopeid 0x12 
	nd6 options=201<PERFORMNUD,DAD>
utun3: flags=8051<UP,POINTOPOINT,RUNNING,MULTICAST> mtu 1000
	inet6 fe80::ce81:b1c:bd2c:69e%utun3 prefixlen 64 scopeid 0x13 
	nd6 options=201<PERFORMNUD,DAD>
en5: flags=8863<UP,BROADCAST,SMART,RUNNING,SIMPLEX,MULTICAST> mtu 1500
	options=404<VLAN_MTU,CHANNEL_IO>
	ether 80:6d:97:43:66:b2
	nd6 options=201<PERFORMNUD,DAD>
	media: autoselect (none)
	status: inactive

INFO:root:search for IP
DEBUG:root:lo0: flags=8049<UP,LOOPBACK,RUNNING,MULTICAST> mtu 16384
	options=1203<RXCSUM,TXCSUM,TXSTATUS,SW_TIMESTAMP>
	inet 127.0.0.1 netmask 0xff000000
	inet6 ::1 prefixlen 128 
	inet6 fe80::1%lo0 prefixlen 64 scopeid 0x1 
	nd6 options=201<PERFORMNUD,DAD>
gif0: flags=8010<POINTOPOINT,MULTICAST> mtu 1280
stf0: flags=0<> mtu 1280
anpi0: flags=8863<UP,BROADCAST,SMART,RUNNING,SIMPLEX,MULTICAST> mtu 1500
	options=400<CHANNEL_IO>
	ether 4a:03:05:39:d6:d3
	media: none
	status: inactive
anpi1: flags=8863<UP,BROADCAST,SMART,RUNNING,SIMPLEX,MULTICAST> mtu 1500
	options=400<CHANNEL_IO>
	ether 4a:03:05:39:d6:d4
	media: none
	status: inactive
en3: flags=8863<UP,BROADCAST,SMART,RUNNING,SIMPLEX,MULTICAST> mtu 1500
	options=400<CHANNEL_IO>
	ether 4a:03:05:39:d6:b3
	nd6 options=201<PERFORMNUD,DAD>
	media: none
	status: inactive
en4: flags=8863<UP,BROADCAST,SMART,RUNNING,SIMPLEX,MULTICAST> mtu 1500
	options=400<CHANNEL_IO>
	ether 4a:03:05:39:d6:b4
	nd6 options=201<PERFORMNUD,DAD>
	media: none
	status: inactive
en1: flags=8963<UP,BROADCAST,SMART,RUNNING,PROMISC,SIMPLEX,MULTICAST> mtu 1500
	options=460<TSO4,TSO6,CHANNEL_IO>
	ether 36:05:77:31:dd:c0
	media: autoselect <full-duplex>
	status: inactive
en2: flags=8963<UP,BROADCAST,SMART,RUNNING,PROMISC,SIMPLEX,MULTICAST> mtu 1500
	options=460<TSO4,TSO6,CHANNEL_IO>
	ether 36:05:77:31:dd:c4
	media: autoselect <full-duplex>
	status: inactive
bridge0: flags=8863<UP,BROADCAST,SMART,RUNNING,SIMPLEX,MULTICAST> mtu 1500
	options=63<RXCSUM,TXCSUM,TSO4,TSO6>
	ether 36:05:77:31:dd:c0
	Configuration:
		id 0:0:0:0:0:0 priority 0 hellotime 0 fwddelay 0
		maxage 0 holdcnt 0 proto stp maxaddr 100 timeout 1200
		root id 0:0:0:0:0:0 priority 0 ifcost 0 port 0
		ipfilter disabled flags 0x0
	member: en1 flags=3<LEARNING,DISCOVER>
	        ifmaxaddr 0 port 9 priority 0 path cost 0
	member: en2 flags=3<LEARNING,DISCOVER>
	        ifmaxaddr 0 port 10 priority 0 path cost 0
	nd6 options=201<PERFORMNUD,DAD>
	media: <unknown type>
	status: inactive
ap1: flags=8843<UP,BROADCAST,RUNNING,SIMPLEX,MULTICAST> mtu 1500
	options=6460<TSO4,TSO6,CHANNEL_IO,PARTIAL_CSUM,ZEROINVERT_CSUM>
	ether f2:88:0c:85:82:15
	inet6 fe80::f088:cff:fe85:8215%ap1 prefixlen 64 scopeid 0xc 
	nd6 options=201<PERFORMNUD,DAD>
	media: autoselect (<unknown type>)
	status: inactive
en0: flags=8863<UP,BROADCAST,SMART,RUNNING,SIMPLEX,MULTICAST> mtu 1500
	options=6460<TSO4,TSO6,CHANNEL_IO,PARTIAL_CSUM,ZEROINVERT_CSUM>
	ether d0:88:0c:85:82:15
	inet6 fe80::4e3:b231:e932:2f83%en0 prefixlen 64 secured scopeid 0xd 
	inet 192.168.178.195 netmask 0xffffff00 broadcast 192.168.178.255
	inet6 2003:f8:747:ad00:1041:67ab:f082:c498 prefixlen 64 autoconf secured 
	inet6 2003:f8:747:ad00:480b:36ae:bc37:62f prefixlen 64 deprecated autoconf temporary 
	inet6 2003:f8:747:ad00:c485:c9b0:8b40:b6dd prefixlen 64 autoconf temporary 
	nd6 options=201<PERFORMNUD,DAD>
	media: autoselect
	status: active
awdl0: flags=8843<UP,BROADCAST,RUNNING,SIMPLEX,MULTICAST> mtu 1500
	options=6460<TSO4,TSO6,CHANNEL_IO,PARTIAL_CSUM,ZEROINVERT_CSUM>
	ether ee:c1:67:b4:31:35
	inet6 fe80::ecc1:67ff:feb4:3135%awdl0 prefixlen 64 scopeid 0xe 
	nd6 options=201<PERFORMNUD,DAD>
	media: autoselect
	status: active
llw0: flags=8863<UP,BROADCAST,SMART,RUNNING,SIMPLEX,MULTICAST> mtu 1500
	options=400<CHANNEL_IO>
	ether ee:c1:67:b4:31:35
	inet6 fe80::ecc1:67ff:feb4:3135%llw0 prefixlen 64 scopeid 0xf 
	nd6 options=201<PERFORMNUD,DAD>
	media: autoselect
	status: inactive
utun0: flags=8051<UP,POINTOPOINT,RUNNING,MULTICAST> mtu 1380
	inet6 fe80::7b33:c3fd:6acd:c631%utun0 prefixlen 64 scopeid 0x10 
	nd6 options=201<PERFORMNUD,DAD>
utun1: flags=8051<UP,POINTOPOINT,RUNNING,MULTICAST> mtu 1500
	inet6 fe80::1d06:4262:a2cc:60d7%utun1 prefixlen 64 scopeid 0x11 
	nd6 options=201<PERFORMNUD,DAD>
utun2: flags=8051<UP,POINTOPOINT,RUNNING,MULTICAST> mtu 2000
	inet6 fe80::bc25:e8f5:b9c7:7742%utun2 prefixlen 64 scopeid 0x12 
	nd6 options=201<PERFORMNUD,DAD>
utun3: flags=8051<UP,POINTOPOINT,RUNNING,MULTICAST> mtu 1000
	inet6 fe80::ce81:b1c:bd2c:69e%utun3 prefixlen 64 scopeid 0x13 
	nd6 options=201<PERFORMNUD,DAD>
en5: flags=8863<UP,BROADCAST,SMART,RUNNING,SIMPLEX,MULTICAST> mtu 1500
	options=404<VLAN_MTU,CHANNEL_IO>
	ether 80:6d:97:43:66:b2
	nd6 options=201<PERFORMNUD,DAD>
	media: autoselect (none)
	status: inactive

INFO:werkzeug:127.0.0.1 - - [05/Nov/2023 13:45:05] "GET /main/ipstate HTTP/1.1" 200 -
INFO:werkzeug: * Detected change in '/Users/matthiasfuchs/Projects/schwimmen/NuvoLEDWebsocket/flaskr/helper.py', reloading
INFO:werkzeug: * Restarting with stat
WARNING:werkzeug: * Debugger is active!
INFO:werkzeug: * Debugger PIN: 105-184-221
INFO:root:search for IP
DEBUG:root:lo0: flags=8049<UP,LOOPBACK,RUNNING,MULTICAST> mtu 16384
	options=1203<RXCSUM,TXCSUM,TXSTATUS,SW_TIMESTAMP>
	inet 127.0.0.1 netmask 0xff000000
	inet6 ::1 prefixlen 128 
	inet6 fe80::1%lo0 prefixlen 64 scopeid 0x1 
	nd6 options=201<PERFORMNUD,DAD>
gif0: flags=8010<POINTOPOINT,MULTICAST> mtu 1280
stf0: flags=0<> mtu 1280
anpi0: flags=8863<UP,BROADCAST,SMART,RUNNING,SIMPLEX,MULTICAST> mtu 1500
	options=400<CHANNEL_IO>
	ether 4a:03:05:39:d6:d3
	media: none
	status: inactive
anpi1: flags=8863<UP,BROADCAST,SMART,RUNNING,SIMPLEX,MULTICAST> mtu 1500
	options=400<CHANNEL_IO>
	ether 4a:03:05:39:d6:d4
	media: none
	status: inactive
en3: flags=8863<UP,BROADCAST,SMART,RUNNING,SIMPLEX,MULTICAST> mtu 1500
	options=400<CHANNEL_IO>
	ether 4a:03:05:39:d6:b3
	nd6 options=201<PERFORMNUD,DAD>
	media: none
	status: inactive
en4: flags=8863<UP,BROADCAST,SMART,RUNNING,SIMPLEX,MULTICAST> mtu 1500
	options=400<CHANNEL_IO>
	ether 4a:03:05:39:d6:b4
	nd6 options=201<PERFORMNUD,DAD>
	media: none
	status: inactive
en1: flags=8963<UP,BROADCAST,SMART,RUNNING,PROMISC,SIMPLEX,MULTICAST> mtu 1500
	options=460<TSO4,TSO6,CHANNEL_IO>
	ether 36:05:77:31:dd:c0
	media: autoselect <full-duplex>
	status: inactive
en2: flags=8963<UP,BROADCAST,SMART,RUNNING,PROMISC,SIMPLEX,MULTICAST> mtu 1500
	options=460<TSO4,TSO6,CHANNEL_IO>
	ether 36:05:77:31:dd:c4
	media: autoselect <full-duplex>
	status: inactive
bridge0: flags=8863<UP,BROADCAST,SMART,RUNNING,SIMPLEX,MULTICAST> mtu 1500
	options=63<RXCSUM,TXCSUM,TSO4,TSO6>
	ether 36:05:77:31:dd:c0
	Configuration:
		id 0:0:0:0:0:0 priority 0 hellotime 0 fwddelay 0
		maxage 0 holdcnt 0 proto stp maxaddr 100 timeout 1200
		root id 0:0:0:0:0:0 priority 0 ifcost 0 port 0
		ipfilter disabled flags 0x0
	member: en1 flags=3<LEARNING,DISCOVER>
	        ifmaxaddr 0 port 9 priority 0 path cost 0
	member: en2 flags=3<LEARNING,DISCOVER>
	        ifmaxaddr 0 port 10 priority 0 path cost 0
	nd6 options=201<PERFORMNUD,DAD>
	media: <unknown type>
	status: inactive
ap1: flags=8843<UP,BROADCAST,RUNNING,SIMPLEX,MULTICAST> mtu 1500
	options=6460<TSO4,TSO6,CHANNEL_IO,PARTIAL_CSUM,ZEROINVERT_CSUM>
	ether f2:88:0c:85:82:15
	inet6 fe80::f088:cff:fe85:8215%ap1 prefixlen 64 scopeid 0xc 
	nd6 options=201<PERFORMNUD,DAD>
	media: autoselect (<unknown type>)
	status: inactive
en0: flags=8863<UP,BROADCAST,SMART,RUNNING,SIMPLEX,MULTICAST> mtu 1500
	options=6460<TSO4,TSO6,CHANNEL_IO,PARTIAL_CSUM,ZEROINVERT_CSUM>
	ether d0:88:0c:85:82:15
	inet6 fe80::4e3:b231:e932:2f83%en0 prefixlen 64 secured scopeid 0xd 
	inet 192.168.178.195 netmask 0xffffff00 broadcast 192.168.178.255
	inet6 2003:f8:747:ad00:1041:67ab:f082:c498 prefixlen 64 autoconf secured 
	inet6 2003:f8:747:ad00:480b:36ae:bc37:62f prefixlen 64 deprecated autoconf temporary 
	inet6 2003:f8:747:ad00:c485:c9b0:8b40:b6dd prefixlen 64 autoconf temporary 
	nd6 options=201<PERFORMNUD,DAD>
	media: autoselect
	status: active
awdl0: flags=8843<UP,BROADCAST,RUNNING,SIMPLEX,MULTICAST> mtu 1500
	options=6460<TSO4,TSO6,CHANNEL_IO,PARTIAL_CSUM,ZEROINVERT_CSUM>
	ether ee:c1:67:b4:31:35
	inet6 fe80::ecc1:67ff:feb4:3135%awdl0 prefixlen 64 scopeid 0xe 
	nd6 options=201<PERFORMNUD,DAD>
	media: autoselect
	status: active
llw0: flags=8863<UP,BROADCAST,SMART,RUNNING,SIMPLEX,MULTICAST> mtu 1500
	options=400<CHANNEL_IO>
	ether ee:c1:67:b4:31:35
	inet6 fe80::ecc1:67ff:feb4:3135%llw0 prefixlen 64 scopeid 0xf 
	nd6 options=201<PERFORMNUD,DAD>
	media: autoselect
	status: inactive
utun0: flags=8051<UP,POINTOPOINT,RUNNING,MULTICAST> mtu 1380
	inet6 fe80::7b33:c3fd:6acd:c631%utun0 prefixlen 64 scopeid 0x10 
	nd6 options=201<PERFORMNUD,DAD>
utun1: flags=8051<UP,POINTOPOINT,RUNNING,MULTICAST> mtu 1500
	inet6 fe80::1d06:4262:a2cc:60d7%utun1 prefixlen 64 scopeid 0x11 
	nd6 options=201<PERFORMNUD,DAD>
utun2: flags=8051<UP,POINTOPOINT,RUNNING,MULTICAST> mtu 2000
	inet6 fe80::bc25:e8f5:b9c7:7742%utun2 prefixlen 64 scopeid 0x12 
	nd6 options=201<PERFORMNUD,DAD>
utun3: flags=8051<UP,POINTOPOINT,RUNNING,MULTICAST> mtu 1000
	inet6 fe80::ce81:b1c:bd2c:69e%utun3 prefixlen 64 scopeid 0x13 
	nd6 options=201<PERFORMNUD,DAD>
en5: flags=8863<UP,BROADCAST,SMART,RUNNING,SIMPLEX,MULTICAST> mtu 1500
	options=404<VLAN_MTU,CHANNEL_IO>
	ether 80:6d:97:43:66:b2
	nd6 options=201<PERFORMNUD,DAD>
	media: autoselect (none)
	status: inactive

INFO:root:search for IP
DEBUG:root:lo0: flags=8049<UP,LOOPBACK,RUNNING,MULTICAST> mtu 16384
	options=1203<RXCSUM,TXCSUM,TXSTATUS,SW_TIMESTAMP>
	inet 127.0.0.1 netmask 0xff000000
	inet6 ::1 prefixlen 128 
	inet6 fe80::1%lo0 prefixlen 64 scopeid 0x1 
	nd6 options=201<PERFORMNUD,DAD>
gif0: flags=8010<POINTOPOINT,MULTICAST> mtu 1280
stf0: flags=0<> mtu 1280
anpi0: flags=8863<UP,BROADCAST,SMART,RUNNING,SIMPLEX,MULTICAST> mtu 1500
	options=400<CHANNEL_IO>
	ether 4a:03:05:39:d6:d3
	media: none
	status: inactive
anpi1: flags=8863<UP,BROADCAST,SMART,RUNNING,SIMPLEX,MULTICAST> mtu 1500
	options=400<CHANNEL_IO>
	ether 4a:03:05:39:d6:d4
	media: none
	status: inactive
en3: flags=8863<UP,BROADCAST,SMART,RUNNING,SIMPLEX,MULTICAST> mtu 1500
	options=400<CHANNEL_IO>
	ether 4a:03:05:39:d6:b3
	nd6 options=201<PERFORMNUD,DAD>
	media: none
	status: inactive
en4: flags=8863<UP,BROADCAST,SMART,RUNNING,SIMPLEX,MULTICAST> mtu 1500
	options=400<CHANNEL_IO>
	ether 4a:03:05:39:d6:b4
	nd6 options=201<PERFORMNUD,DAD>
	media: none
	status: inactive
en1: flags=8963<UP,BROADCAST,SMART,RUNNING,PROMISC,SIMPLEX,MULTICAST> mtu 1500
	options=460<TSO4,TSO6,CHANNEL_IO>
	ether 36:05:77:31:dd:c0
	media: autoselect <full-duplex>
	status: inactive
en2: flags=8963<UP,BROADCAST,SMART,RUNNING,PROMISC,SIMPLEX,MULTICAST> mtu 1500
	options=460<TSO4,TSO6,CHANNEL_IO>
	ether 36:05:77:31:dd:c4
	media: autoselect <full-duplex>
	status: inactive
bridge0: flags=8863<UP,BROADCAST,SMART,RUNNING,SIMPLEX,MULTICAST> mtu 1500
	options=63<RXCSUM,TXCSUM,TSO4,TSO6>
	ether 36:05:77:31:dd:c0
	Configuration:
		id 0:0:0:0:0:0 priority 0 hellotime 0 fwddelay 0
		maxage 0 holdcnt 0 proto stp maxaddr 100 timeout 1200
		root id 0:0:0:0:0:0 priority 0 ifcost 0 port 0
		ipfilter disabled flags 0x0
	member: en1 flags=3<LEARNING,DISCOVER>
	        ifmaxaddr 0 port 9 priority 0 path cost 0
	member: en2 flags=3<LEARNING,DISCOVER>
	        ifmaxaddr 0 port 10 priority 0 path cost 0
	nd6 options=201<PERFORMNUD,DAD>
	media: <unknown type>
	status: inactive
ap1: flags=8843<UP,BROADCAST,RUNNING,SIMPLEX,MULTICAST> mtu 1500
	options=6460<TSO4,TSO6,CHANNEL_IO,PARTIAL_CSUM,ZEROINVERT_CSUM>
	ether f2:88:0c:85:82:15
	inet6 fe80::f088:cff:fe85:8215%ap1 prefixlen 64 scopeid 0xc 
	nd6 options=201<PERFORMNUD,DAD>
	media: autoselect (<unknown type>)
	status: inactive
en0: flags=8863<UP,BROADCAST,SMART,RUNNING,SIMPLEX,MULTICAST> mtu 1500
	options=6460<TSO4,TSO6,CHANNEL_IO,PARTIAL_CSUM,ZEROINVERT_CSUM>
	ether d0:88:0c:85:82:15
	inet6 fe80::4e3:b231:e932:2f83%en0 prefixlen 64 secured scopeid 0xd 
	inet 192.168.178.195 netmask 0xffffff00 broadcast 192.168.178.255
	inet6 2003:f8:747:ad00:1041:67ab:f082:c498 prefixlen 64 autoconf secured 
	inet6 2003:f8:747:ad00:480b:36ae:bc37:62f prefixlen 64 deprecated autoconf temporary 
	inet6 2003:f8:747:ad00:c485:c9b0:8b40:b6dd prefixlen 64 autoconf temporary 
	nd6 options=201<PERFORMNUD,DAD>
	media: autoselect
	status: active
awdl0: flags=8843<UP,BROADCAST,RUNNING,SIMPLEX,MULTICAST> mtu 1500
	options=6460<TSO4,TSO6,CHANNEL_IO,PARTIAL_CSUM,ZEROINVERT_CSUM>
	ether ee:c1:67:b4:31:35
	inet6 fe80::ecc1:67ff:feb4:3135%awdl0 prefixlen 64 scopeid 0xe 
	nd6 options=201<PERFORMNUD,DAD>
	media: autoselect
	status: active
llw0: flags=8863<UP,BROADCAST,SMART,RUNNING,SIMPLEX,MULTICAST> mtu 1500
	options=400<CHANNEL_IO>
	ether ee:c1:67:b4:31:35
	inet6 fe80::ecc1:67ff:feb4:3135%llw0 prefixlen 64 scopeid 0xf 
	nd6 options=201<PERFORMNUD,DAD>
	media: autoselect
	status: inactive
utun0: flags=8051<UP,POINTOPOINT,RUNNING,MULTICAST> mtu 1380
	inet6 fe80::7b33:c3fd:6acd:c631%utun0 prefixlen 64 scopeid 0x10 
	nd6 options=201<PERFORMNUD,DAD>
utun1: flags=8051<UP,POINTOPOINT,RUNNING,MULTICAST> mtu 1500
	inet6 fe80::1d06:4262:a2cc:60d7%utun1 prefixlen 64 scopeid 0x11 
	nd6 options=201<PERFORMNUD,DAD>
utun2: flags=8051<UP,POINTOPOINT,RUNNING,MULTICAST> mtu 2000
	inet6 fe80::bc25:e8f5:b9c7:7742%utun2 prefixlen 64 scopeid 0x12 
	nd6 options=201<PERFORMNUD,DAD>
utun3: flags=8051<UP,POINTOPOINT,RUNNING,MULTICAST> mtu 1000
	inet6 fe80::ce81:b1c:bd2c:69e%utun3 prefixlen 64 scopeid 0x13 
	nd6 options=201<PERFORMNUD,DAD>
en5: flags=8863<UP,BROADCAST,SMART,RUNNING,SIMPLEX,MULTICAST> mtu 1500
	options=404<VLAN_MTU,CHANNEL_IO>
	ether 80:6d:97:43:66:b2
	nd6 options=201<PERFORMNUD,DAD>
	media: autoselect (none)
	status: inactive

INFO:werkzeug:127.0.0.1 - - [05/Nov/2023 13:45:49] "GET /main/ipstate HTTP/1.1" 200 -
INFO:werkzeug: * Detected change in '/Users/matthiasfuchs/Projects/schwimmen/NuvoLEDWebsocket/flaskr/helper.py', reloading
INFO:werkzeug: * Restarting with stat
WARNING:werkzeug: * Debugger is active!
INFO:werkzeug: * Debugger PIN: 105-184-221
INFO:werkzeug: * Detected change in '/Users/matthiasfuchs/Projects/schwimmen/NuvoLEDWebsocket/flaskr/helper.py', reloading
INFO:werkzeug: * Restarting with stat
WARNING:werkzeug: * Debugger is active!
INFO:werkzeug: * Debugger PIN: 105-184-221
INFO:root:search for IP
DEBUG:root:lo0: flags=8049<UP,LOOPBACK,RUNNING,MULTICAST> mtu 16384
	options=1203<RXCSUM,TXCSUM,TXSTATUS,SW_TIMESTAMP>
	inet 127.0.0.1 netmask 0xff000000
	inet6 ::1 prefixlen 128 
	inet6 fe80::1%lo0 prefixlen 64 scopeid 0x1 
	nd6 options=201<PERFORMNUD,DAD>
gif0: flags=8010<POINTOPOINT,MULTICAST> mtu 1280
stf0: flags=0<> mtu 1280
anpi0: flags=8863<UP,BROADCAST,SMART,RUNNING,SIMPLEX,MULTICAST> mtu 1500
	options=400<CHANNEL_IO>
	ether 4a:03:05:39:d6:d3
	media: none
	status: inactive
anpi1: flags=8863<UP,BROADCAST,SMART,RUNNING,SIMPLEX,MULTICAST> mtu 1500
	options=400<CHANNEL_IO>
	ether 4a:03:05:39:d6:d4
	media: none
	status: inactive
en3: flags=8863<UP,BROADCAST,SMART,RUNNING,SIMPLEX,MULTICAST> mtu 1500
	options=400<CHANNEL_IO>
	ether 4a:03:05:39:d6:b3
	nd6 options=201<PERFORMNUD,DAD>
	media: none
	status: inactive
en4: flags=8863<UP,BROADCAST,SMART,RUNNING,SIMPLEX,MULTICAST> mtu 1500
	options=400<CHANNEL_IO>
	ether 4a:03:05:39:d6:b4
	nd6 options=201<PERFORMNUD,DAD>
	media: none
	status: inactive
en1: flags=8963<UP,BROADCAST,SMART,RUNNING,PROMISC,SIMPLEX,MULTICAST> mtu 1500
	options=460<TSO4,TSO6,CHANNEL_IO>
	ether 36:05:77:31:dd:c0
	media: autoselect <full-duplex>
	status: inactive
en2: flags=8963<UP,BROADCAST,SMART,RUNNING,PROMISC,SIMPLEX,MULTICAST> mtu 1500
	options=460<TSO4,TSO6,CHANNEL_IO>
	ether 36:05:77:31:dd:c4
	media: autoselect <full-duplex>
	status: inactive
bridge0: flags=8863<UP,BROADCAST,SMART,RUNNING,SIMPLEX,MULTICAST> mtu 1500
	options=63<RXCSUM,TXCSUM,TSO4,TSO6>
	ether 36:05:77:31:dd:c0
	Configuration:
		id 0:0:0:0:0:0 priority 0 hellotime 0 fwddelay 0
		maxage 0 holdcnt 0 proto stp maxaddr 100 timeout 1200
		root id 0:0:0:0:0:0 priority 0 ifcost 0 port 0
		ipfilter disabled flags 0x0
	member: en1 flags=3<LEARNING,DISCOVER>
	        ifmaxaddr 0 port 9 priority 0 path cost 0
	member: en2 flags=3<LEARNING,DISCOVER>
	        ifmaxaddr 0 port 10 priority 0 path cost 0
	nd6 options=201<PERFORMNUD,DAD>
	media: <unknown type>
	status: inactive
ap1: flags=8843<UP,BROADCAST,RUNNING,SIMPLEX,MULTICAST> mtu 1500
	options=6460<TSO4,TSO6,CHANNEL_IO,PARTIAL_CSUM,ZEROINVERT_CSUM>
	ether f2:88:0c:85:82:15
	inet6 fe80::f088:cff:fe85:8215%ap1 prefixlen 64 scopeid 0xc 
	nd6 options=201<PERFORMNUD,DAD>
	media: autoselect (<unknown type>)
	status: inactive
en0: flags=8863<UP,BROADCAST,SMART,RUNNING,SIMPLEX,MULTICAST> mtu 1500
	options=6460<TSO4,TSO6,CHANNEL_IO,PARTIAL_CSUM,ZEROINVERT_CSUM>
	ether d0:88:0c:85:82:15
	inet6 fe80::4e3:b231:e932:2f83%en0 prefixlen 64 secured scopeid 0xd 
	inet 192.168.178.195 netmask 0xffffff00 broadcast 192.168.178.255
	inet6 2003:f8:747:ad00:1041:67ab:f082:c498 prefixlen 64 autoconf secured 
	inet6 2003:f8:747:ad00:480b:36ae:bc37:62f prefixlen 64 deprecated autoconf temporary 
	inet6 2003:f8:747:ad00:c485:c9b0:8b40:b6dd prefixlen 64 autoconf temporary 
	nd6 options=201<PERFORMNUD,DAD>
	media: autoselect
	status: active
awdl0: flags=8843<UP,BROADCAST,RUNNING,SIMPLEX,MULTICAST> mtu 1500
	options=6460<TSO4,TSO6,CHANNEL_IO,PARTIAL_CSUM,ZEROINVERT_CSUM>
	ether ee:c1:67:b4:31:35
	inet6 fe80::ecc1:67ff:feb4:3135%awdl0 prefixlen 64 scopeid 0xe 
	nd6 options=201<PERFORMNUD,DAD>
	media: autoselect
	status: active
llw0: flags=8863<UP,BROADCAST,SMART,RUNNING,SIMPLEX,MULTICAST> mtu 1500
	options=400<CHANNEL_IO>
	ether ee:c1:67:b4:31:35
	inet6 fe80::ecc1:67ff:feb4:3135%llw0 prefixlen 64 scopeid 0xf 
	nd6 options=201<PERFORMNUD,DAD>
	media: autoselect
	status: inactive
utun0: flags=8051<UP,POINTOPOINT,RUNNING,MULTICAST> mtu 1380
	inet6 fe80::7b33:c3fd:6acd:c631%utun0 prefixlen 64 scopeid 0x10 
	nd6 options=201<PERFORMNUD,DAD>
utun1: flags=8051<UP,POINTOPOINT,RUNNING,MULTICAST> mtu 1500
	inet6 fe80::1d06:4262:a2cc:60d7%utun1 prefixlen 64 scopeid 0x11 
	nd6 options=201<PERFORMNUD,DAD>
utun2: flags=8051<UP,POINTOPOINT,RUNNING,MULTICAST> mtu 2000
	inet6 fe80::bc25:e8f5:b9c7:7742%utun2 prefixlen 64 scopeid 0x12 
	nd6 options=201<PERFORMNUD,DAD>
utun3: flags=8051<UP,POINTOPOINT,RUNNING,MULTICAST> mtu 1000
	inet6 fe80::ce81:b1c:bd2c:69e%utun3 prefixlen 64 scopeid 0x13 
	nd6 options=201<PERFORMNUD,DAD>
en5: flags=8863<UP,BROADCAST,SMART,RUNNING,SIMPLEX,MULTICAST> mtu 1500
	options=404<VLAN_MTU,CHANNEL_IO>
	ether 80:6d:97:43:66:b2
	nd6 options=201<PERFORMNUD,DAD>
	media: autoselect (none)
	status: inactive

INFO:root:search for IP
DEBUG:root:lo0: flags=8049<UP,LOOPBACK,RUNNING,MULTICAST> mtu 16384
	options=1203<RXCSUM,TXCSUM,TXSTATUS,SW_TIMESTAMP>
	inet 127.0.0.1 netmask 0xff000000
	inet6 ::1 prefixlen 128 
	inet6 fe80::1%lo0 prefixlen 64 scopeid 0x1 
	nd6 options=201<PERFORMNUD,DAD>
gif0: flags=8010<POINTOPOINT,MULTICAST> mtu 1280
stf0: flags=0<> mtu 1280
anpi0: flags=8863<UP,BROADCAST,SMART,RUNNING,SIMPLEX,MULTICAST> mtu 1500
	options=400<CHANNEL_IO>
	ether 4a:03:05:39:d6:d3
	media: none
	status: inactive
anpi1: flags=8863<UP,BROADCAST,SMART,RUNNING,SIMPLEX,MULTICAST> mtu 1500
	options=400<CHANNEL_IO>
	ether 4a:03:05:39:d6:d4
	media: none
	status: inactive
en3: flags=8863<UP,BROADCAST,SMART,RUNNING,SIMPLEX,MULTICAST> mtu 1500
	options=400<CHANNEL_IO>
	ether 4a:03:05:39:d6:b3
	nd6 options=201<PERFORMNUD,DAD>
	media: none
	status: inactive
en4: flags=8863<UP,BROADCAST,SMART,RUNNING,SIMPLEX,MULTICAST> mtu 1500
	options=400<CHANNEL_IO>
	ether 4a:03:05:39:d6:b4
	nd6 options=201<PERFORMNUD,DAD>
	media: none
	status: inactive
en1: flags=8963<UP,BROADCAST,SMART,RUNNING,PROMISC,SIMPLEX,MULTICAST> mtu 1500
	options=460<TSO4,TSO6,CHANNEL_IO>
	ether 36:05:77:31:dd:c0
	media: autoselect <full-duplex>
	status: inactive
en2: flags=8963<UP,BROADCAST,SMART,RUNNING,PROMISC,SIMPLEX,MULTICAST> mtu 1500
	options=460<TSO4,TSO6,CHANNEL_IO>
	ether 36:05:77:31:dd:c4
	media: autoselect <full-duplex>
	status: inactive
bridge0: flags=8863<UP,BROADCAST,SMART,RUNNING,SIMPLEX,MULTICAST> mtu 1500
	options=63<RXCSUM,TXCSUM,TSO4,TSO6>
	ether 36:05:77:31:dd:c0
	Configuration:
		id 0:0:0:0:0:0 priority 0 hellotime 0 fwddelay 0
		maxage 0 holdcnt 0 proto stp maxaddr 100 timeout 1200
		root id 0:0:0:0:0:0 priority 0 ifcost 0 port 0
		ipfilter disabled flags 0x0
	member: en1 flags=3<LEARNING,DISCOVER>
	        ifmaxaddr 0 port 9 priority 0 path cost 0
	member: en2 flags=3<LEARNING,DISCOVER>
	        ifmaxaddr 0 port 10 priority 0 path cost 0
	nd6 options=201<PERFORMNUD,DAD>
	media: <unknown type>
	status: inactive
ap1: flags=8843<UP,BROADCAST,RUNNING,SIMPLEX,MULTICAST> mtu 1500
	options=6460<TSO4,TSO6,CHANNEL_IO,PARTIAL_CSUM,ZEROINVERT_CSUM>
	ether f2:88:0c:85:82:15
	inet6 fe80::f088:cff:fe85:8215%ap1 prefixlen 64 scopeid 0xc 
	nd6 options=201<PERFORMNUD,DAD>
	media: autoselect (<unknown type>)
	status: inactive
en0: flags=8863<UP,BROADCAST,SMART,RUNNING,SIMPLEX,MULTICAST> mtu 1500
	options=6460<TSO4,TSO6,CHANNEL_IO,PARTIAL_CSUM,ZEROINVERT_CSUM>
	ether d0:88:0c:85:82:15
	inet6 fe80::4e3:b231:e932:2f83%en0 prefixlen 64 secured scopeid 0xd 
	inet 192.168.178.195 netmask 0xffffff00 broadcast 192.168.178.255
	inet6 2003:f8:747:ad00:1041:67ab:f082:c498 prefixlen 64 autoconf secured 
	inet6 2003:f8:747:ad00:480b:36ae:bc37:62f prefixlen 64 deprecated autoconf temporary 
	inet6 2003:f8:747:ad00:c485:c9b0:8b40:b6dd prefixlen 64 autoconf temporary 
	nd6 options=201<PERFORMNUD,DAD>
	media: autoselect
	status: active
awdl0: flags=8843<UP,BROADCAST,RUNNING,SIMPLEX,MULTICAST> mtu 1500
	options=6460<TSO4,TSO6,CHANNEL_IO,PARTIAL_CSUM,ZEROINVERT_CSUM>
	ether ee:c1:67:b4:31:35
	inet6 fe80::ecc1:67ff:feb4:3135%awdl0 prefixlen 64 scopeid 0xe 
	nd6 options=201<PERFORMNUD,DAD>
	media: autoselect
	status: active
llw0: flags=8863<UP,BROADCAST,SMART,RUNNING,SIMPLEX,MULTICAST> mtu 1500
	options=400<CHANNEL_IO>
	ether ee:c1:67:b4:31:35
	inet6 fe80::ecc1:67ff:feb4:3135%llw0 prefixlen 64 scopeid 0xf 
	nd6 options=201<PERFORMNUD,DAD>
	media: autoselect
	status: inactive
utun0: flags=8051<UP,POINTOPOINT,RUNNING,MULTICAST> mtu 1380
	inet6 fe80::7b33:c3fd:6acd:c631%utun0 prefixlen 64 scopeid 0x10 
	nd6 options=201<PERFORMNUD,DAD>
utun1: flags=8051<UP,POINTOPOINT,RUNNING,MULTICAST> mtu 1500
	inet6 fe80::1d06:4262:a2cc:60d7%utun1 prefixlen 64 scopeid 0x11 
	nd6 options=201<PERFORMNUD,DAD>
utun2: flags=8051<UP,POINTOPOINT,RUNNING,MULTICAST> mtu 2000
	inet6 fe80::bc25:e8f5:b9c7:7742%utun2 prefixlen 64 scopeid 0x12 
	nd6 options=201<PERFORMNUD,DAD>
utun3: flags=8051<UP,POINTOPOINT,RUNNING,MULTICAST> mtu 1000
	inet6 fe80::ce81:b1c:bd2c:69e%utun3 prefixlen 64 scopeid 0x13 
	nd6 options=201<PERFORMNUD,DAD>
en5: flags=8863<UP,BROADCAST,SMART,RUNNING,SIMPLEX,MULTICAST> mtu 1500
	options=404<VLAN_MTU,CHANNEL_IO>
	ether 80:6d:97:43:66:b2
	nd6 options=201<PERFORMNUD,DAD>
	media: autoselect (none)
	status: inactive

INFO:werkzeug:127.0.0.1 - - [05/Nov/2023 13:46:10] "GET /main/ipstate HTTP/1.1" 200 -
INFO:werkzeug: * Detected change in '/Users/matthiasfuchs/Projects/schwimmen/NuvoLEDWebsocket/flaskr/helper.py', reloading
INFO:werkzeug: * Restarting with stat
WARNING:werkzeug: * Debugger is active!
INFO:werkzeug: * Debugger PIN: 105-184-221
INFO:root:search for IP
DEBUG:root:lo0: flags=8049<UP,LOOPBACK,RUNNING,MULTICAST> mtu 16384
	options=1203<RXCSUM,TXCSUM,TXSTATUS,SW_TIMESTAMP>
	inet 127.0.0.1 netmask 0xff000000
	inet6 ::1 prefixlen 128 
	inet6 fe80::1%lo0 prefixlen 64 scopeid 0x1 
	nd6 options=201<PERFORMNUD,DAD>
gif0: flags=8010<POINTOPOINT,MULTICAST> mtu 1280
stf0: flags=0<> mtu 1280
anpi0: flags=8863<UP,BROADCAST,SMART,RUNNING,SIMPLEX,MULTICAST> mtu 1500
	options=400<CHANNEL_IO>
	ether 4a:03:05:39:d6:d3
	media: none
	status: inactive
anpi1: flags=8863<UP,BROADCAST,SMART,RUNNING,SIMPLEX,MULTICAST> mtu 1500
	options=400<CHANNEL_IO>
	ether 4a:03:05:39:d6:d4
	media: none
	status: inactive
en3: flags=8863<UP,BROADCAST,SMART,RUNNING,SIMPLEX,MULTICAST> mtu 1500
	options=400<CHANNEL_IO>
	ether 4a:03:05:39:d6:b3
	nd6 options=201<PERFORMNUD,DAD>
	media: none
	status: inactive
en4: flags=8863<UP,BROADCAST,SMART,RUNNING,SIMPLEX,MULTICAST> mtu 1500
	options=400<CHANNEL_IO>
	ether 4a:03:05:39:d6:b4
	nd6 options=201<PERFORMNUD,DAD>
	media: none
	status: inactive
en1: flags=8963<UP,BROADCAST,SMART,RUNNING,PROMISC,SIMPLEX,MULTICAST> mtu 1500
	options=460<TSO4,TSO6,CHANNEL_IO>
	ether 36:05:77:31:dd:c0
	media: autoselect <full-duplex>
	status: inactive
en2: flags=8963<UP,BROADCAST,SMART,RUNNING,PROMISC,SIMPLEX,MULTICAST> mtu 1500
	options=460<TSO4,TSO6,CHANNEL_IO>
	ether 36:05:77:31:dd:c4
	media: autoselect <full-duplex>
	status: inactive
bridge0: flags=8863<UP,BROADCAST,SMART,RUNNING,SIMPLEX,MULTICAST> mtu 1500
	options=63<RXCSUM,TXCSUM,TSO4,TSO6>
	ether 36:05:77:31:dd:c0
	Configuration:
		id 0:0:0:0:0:0 priority 0 hellotime 0 fwddelay 0
		maxage 0 holdcnt 0 proto stp maxaddr 100 timeout 1200
		root id 0:0:0:0:0:0 priority 0 ifcost 0 port 0
		ipfilter disabled flags 0x0
	member: en1 flags=3<LEARNING,DISCOVER>
	        ifmaxaddr 0 port 9 priority 0 path cost 0
	member: en2 flags=3<LEARNING,DISCOVER>
	        ifmaxaddr 0 port 10 priority 0 path cost 0
	nd6 options=201<PERFORMNUD,DAD>
	media: <unknown type>
	status: inactive
ap1: flags=8843<UP,BROADCAST,RUNNING,SIMPLEX,MULTICAST> mtu 1500
	options=6460<TSO4,TSO6,CHANNEL_IO,PARTIAL_CSUM,ZEROINVERT_CSUM>
	ether f2:88:0c:85:82:15
	inet6 fe80::f088:cff:fe85:8215%ap1 prefixlen 64 scopeid 0xc 
	nd6 options=201<PERFORMNUD,DAD>
	media: autoselect (<unknown type>)
	status: inactive
en0: flags=8863<UP,BROADCAST,SMART,RUNNING,SIMPLEX,MULTICAST> mtu 1500
	options=6460<TSO4,TSO6,CHANNEL_IO,PARTIAL_CSUM,ZEROINVERT_CSUM>
	ether d0:88:0c:85:82:15
	inet6 fe80::4e3:b231:e932:2f83%en0 prefixlen 64 secured scopeid 0xd 
	inet 192.168.178.195 netmask 0xffffff00 broadcast 192.168.178.255
	inet6 2003:f8:747:ad00:1041:67ab:f082:c498 prefixlen 64 autoconf secured 
	inet6 2003:f8:747:ad00:480b:36ae:bc37:62f prefixlen 64 deprecated autoconf temporary 
	inet6 2003:f8:747:ad00:c485:c9b0:8b40:b6dd prefixlen 64 autoconf temporary 
	nd6 options=201<PERFORMNUD,DAD>
	media: autoselect
	status: active
awdl0: flags=8843<UP,BROADCAST,RUNNING,SIMPLEX,MULTICAST> mtu 1500
	options=6460<TSO4,TSO6,CHANNEL_IO,PARTIAL_CSUM,ZEROINVERT_CSUM>
	ether ee:c1:67:b4:31:35
	inet6 fe80::ecc1:67ff:feb4:3135%awdl0 prefixlen 64 scopeid 0xe 
	nd6 options=201<PERFORMNUD,DAD>
	media: autoselect
	status: active
llw0: flags=8863<UP,BROADCAST,SMART,RUNNING,SIMPLEX,MULTICAST> mtu 1500
	options=400<CHANNEL_IO>
	ether ee:c1:67:b4:31:35
	inet6 fe80::ecc1:67ff:feb4:3135%llw0 prefixlen 64 scopeid 0xf 
	nd6 options=201<PERFORMNUD,DAD>
	media: autoselect
	status: inactive
utun0: flags=8051<UP,POINTOPOINT,RUNNING,MULTICAST> mtu 1380
	inet6 fe80::7b33:c3fd:6acd:c631%utun0 prefixlen 64 scopeid 0x10 
	nd6 options=201<PERFORMNUD,DAD>
utun1: flags=8051<UP,POINTOPOINT,RUNNING,MULTICAST> mtu 1500
	inet6 fe80::1d06:4262:a2cc:60d7%utun1 prefixlen 64 scopeid 0x11 
	nd6 options=201<PERFORMNUD,DAD>
utun2: flags=8051<UP,POINTOPOINT,RUNNING,MULTICAST> mtu 2000
	inet6 fe80::bc25:e8f5:b9c7:7742%utun2 prefixlen 64 scopeid 0x12 
	nd6 options=201<PERFORMNUD,DAD>
utun3: flags=8051<UP,POINTOPOINT,RUNNING,MULTICAST> mtu 1000
	inet6 fe80::ce81:b1c:bd2c:69e%utun3 prefixlen 64 scopeid 0x13 
	nd6 options=201<PERFORMNUD,DAD>
en5: flags=8863<UP,BROADCAST,SMART,RUNNING,SIMPLEX,MULTICAST> mtu 1500
	options=404<VLAN_MTU,CHANNEL_IO>
	ether 80:6d:97:43:66:b2
	nd6 options=201<PERFORMNUD,DAD>
	media: autoselect (none)
	status: inactive

INFO:root:search for IP
DEBUG:root:lo0: flags=8049<UP,LOOPBACK,RUNNING,MULTICAST> mtu 16384
	options=1203<RXCSUM,TXCSUM,TXSTATUS,SW_TIMESTAMP>
	inet 127.0.0.1 netmask 0xff000000
	inet6 ::1 prefixlen 128 
	inet6 fe80::1%lo0 prefixlen 64 scopeid 0x1 
	nd6 options=201<PERFORMNUD,DAD>
gif0: flags=8010<POINTOPOINT,MULTICAST> mtu 1280
stf0: flags=0<> mtu 1280
anpi0: flags=8863<UP,BROADCAST,SMART,RUNNING,SIMPLEX,MULTICAST> mtu 1500
	options=400<CHANNEL_IO>
	ether 4a:03:05:39:d6:d3
	media: none
	status: inactive
anpi1: flags=8863<UP,BROADCAST,SMART,RUNNING,SIMPLEX,MULTICAST> mtu 1500
	options=400<CHANNEL_IO>
	ether 4a:03:05:39:d6:d4
	media: none
	status: inactive
en3: flags=8863<UP,BROADCAST,SMART,RUNNING,SIMPLEX,MULTICAST> mtu 1500
	options=400<CHANNEL_IO>
	ether 4a:03:05:39:d6:b3
	nd6 options=201<PERFORMNUD,DAD>
	media: none
	status: inactive
en4: flags=8863<UP,BROADCAST,SMART,RUNNING,SIMPLEX,MULTICAST> mtu 1500
	options=400<CHANNEL_IO>
	ether 4a:03:05:39:d6:b4
	nd6 options=201<PERFORMNUD,DAD>
	media: none
	status: inactive
en1: flags=8963<UP,BROADCAST,SMART,RUNNING,PROMISC,SIMPLEX,MULTICAST> mtu 1500
	options=460<TSO4,TSO6,CHANNEL_IO>
	ether 36:05:77:31:dd:c0
	media: autoselect <full-duplex>
	status: inactive
en2: flags=8963<UP,BROADCAST,SMART,RUNNING,PROMISC,SIMPLEX,MULTICAST> mtu 1500
	options=460<TSO4,TSO6,CHANNEL_IO>
	ether 36:05:77:31:dd:c4
	media: autoselect <full-duplex>
	status: inactive
bridge0: flags=8863<UP,BROADCAST,SMART,RUNNING,SIMPLEX,MULTICAST> mtu 1500
	options=63<RXCSUM,TXCSUM,TSO4,TSO6>
	ether 36:05:77:31:dd:c0
	Configuration:
		id 0:0:0:0:0:0 priority 0 hellotime 0 fwddelay 0
		maxage 0 holdcnt 0 proto stp maxaddr 100 timeout 1200
		root id 0:0:0:0:0:0 priority 0 ifcost 0 port 0
		ipfilter disabled flags 0x0
	member: en1 flags=3<LEARNING,DISCOVER>
	        ifmaxaddr 0 port 9 priority 0 path cost 0
	member: en2 flags=3<LEARNING,DISCOVER>
	        ifmaxaddr 0 port 10 priority 0 path cost 0
	nd6 options=201<PERFORMNUD,DAD>
	media: <unknown type>
	status: inactive
ap1: flags=8843<UP,BROADCAST,RUNNING,SIMPLEX,MULTICAST> mtu 1500
	options=6460<TSO4,TSO6,CHANNEL_IO,PARTIAL_CSUM,ZEROINVERT_CSUM>
	ether f2:88:0c:85:82:15
	inet6 fe80::f088:cff:fe85:8215%ap1 prefixlen 64 scopeid 0xc 
	nd6 options=201<PERFORMNUD,DAD>
	media: autoselect (<unknown type>)
	status: inactive
en0: flags=8863<UP,BROADCAST,SMART,RUNNING,SIMPLEX,MULTICAST> mtu 1500
	options=6460<TSO4,TSO6,CHANNEL_IO,PARTIAL_CSUM,ZEROINVERT_CSUM>
	ether d0:88:0c:85:82:15
	inet6 fe80::4e3:b231:e932:2f83%en0 prefixlen 64 secured scopeid 0xd 
	inet 192.168.178.195 netmask 0xffffff00 broadcast 192.168.178.255
	inet6 2003:f8:747:ad00:1041:67ab:f082:c498 prefixlen 64 autoconf secured 
	inet6 2003:f8:747:ad00:480b:36ae:bc37:62f prefixlen 64 deprecated autoconf temporary 
	inet6 2003:f8:747:ad00:c485:c9b0:8b40:b6dd prefixlen 64 autoconf temporary 
	nd6 options=201<PERFORMNUD,DAD>
	media: autoselect
	status: active
awdl0: flags=8843<UP,BROADCAST,RUNNING,SIMPLEX,MULTICAST> mtu 1500
	options=6460<TSO4,TSO6,CHANNEL_IO,PARTIAL_CSUM,ZEROINVERT_CSUM>
	ether ee:c1:67:b4:31:35
	inet6 fe80::ecc1:67ff:feb4:3135%awdl0 prefixlen 64 scopeid 0xe 
	nd6 options=201<PERFORMNUD,DAD>
	media: autoselect
	status: active
llw0: flags=8863<UP,BROADCAST,SMART,RUNNING,SIMPLEX,MULTICAST> mtu 1500
	options=400<CHANNEL_IO>
	ether ee:c1:67:b4:31:35
	inet6 fe80::ecc1:67ff:feb4:3135%llw0 prefixlen 64 scopeid 0xf 
	nd6 options=201<PERFORMNUD,DAD>
	media: autoselect
	status: inactive
utun0: flags=8051<UP,POINTOPOINT,RUNNING,MULTICAST> mtu 1380
	inet6 fe80::7b33:c3fd:6acd:c631%utun0 prefixlen 64 scopeid 0x10 
	nd6 options=201<PERFORMNUD,DAD>
utun1: flags=8051<UP,POINTOPOINT,RUNNING,MULTICAST> mtu 1500
	inet6 fe80::1d06:4262:a2cc:60d7%utun1 prefixlen 64 scopeid 0x11 
	nd6 options=201<PERFORMNUD,DAD>
utun2: flags=8051<UP,POINTOPOINT,RUNNING,MULTICAST> mtu 2000
	inet6 fe80::bc25:e8f5:b9c7:7742%utun2 prefixlen 64 scopeid 0x12 
	nd6 options=201<PERFORMNUD,DAD>
utun3: flags=8051<UP,POINTOPOINT,RUNNING,MULTICAST> mtu 1000
	inet6 fe80::ce81:b1c:bd2c:69e%utun3 prefixlen 64 scopeid 0x13 
	nd6 options=201<PERFORMNUD,DAD>
en5: flags=8863<UP,BROADCAST,SMART,RUNNING,SIMPLEX,MULTICAST> mtu 1500
	options=404<VLAN_MTU,CHANNEL_IO>
	ether 80:6d:97:43:66:b2
	nd6 options=201<PERFORMNUD,DAD>
	media: autoselect (none)
	status: inactive

INFO:werkzeug:127.0.0.1 - - [05/Nov/2023 13:46:31] "GET /main/ipstate HTTP/1.1" 200 -
INFO:werkzeug: * Detected change in '/Users/matthiasfuchs/Projects/schwimmen/NuvoLEDWebsocket/flaskr/helper.py', reloading
INFO:werkzeug: * Restarting with stat
WARNING:werkzeug: * Debugger is active!
INFO:werkzeug: * Debugger PIN: 105-184-221
INFO:root:search for IP
DEBUG:root:lo0: flags=8049<UP,LOOPBACK,RUNNING,MULTICAST> mtu 16384
	options=1203<RXCSUM,TXCSUM,TXSTATUS,SW_TIMESTAMP>
	inet 127.0.0.1 netmask 0xff000000
	inet6 ::1 prefixlen 128 
	inet6 fe80::1%lo0 prefixlen 64 scopeid 0x1 
	nd6 options=201<PERFORMNUD,DAD>
gif0: flags=8010<POINTOPOINT,MULTICAST> mtu 1280
stf0: flags=0<> mtu 1280
anpi0: flags=8863<UP,BROADCAST,SMART,RUNNING,SIMPLEX,MULTICAST> mtu 1500
	options=400<CHANNEL_IO>
	ether 4a:03:05:39:d6:d3
	media: none
	status: inactive
anpi1: flags=8863<UP,BROADCAST,SMART,RUNNING,SIMPLEX,MULTICAST> mtu 1500
	options=400<CHANNEL_IO>
	ether 4a:03:05:39:d6:d4
	media: none
	status: inactive
en3: flags=8863<UP,BROADCAST,SMART,RUNNING,SIMPLEX,MULTICAST> mtu 1500
	options=400<CHANNEL_IO>
	ether 4a:03:05:39:d6:b3
	nd6 options=201<PERFORMNUD,DAD>
	media: none
	status: inactive
en4: flags=8863<UP,BROADCAST,SMART,RUNNING,SIMPLEX,MULTICAST> mtu 1500
	options=400<CHANNEL_IO>
	ether 4a:03:05:39:d6:b4
	nd6 options=201<PERFORMNUD,DAD>
	media: none
	status: inactive
en1: flags=8963<UP,BROADCAST,SMART,RUNNING,PROMISC,SIMPLEX,MULTICAST> mtu 1500
	options=460<TSO4,TSO6,CHANNEL_IO>
	ether 36:05:77:31:dd:c0
	media: autoselect <full-duplex>
	status: inactive
en2: flags=8963<UP,BROADCAST,SMART,RUNNING,PROMISC,SIMPLEX,MULTICAST> mtu 1500
	options=460<TSO4,TSO6,CHANNEL_IO>
	ether 36:05:77:31:dd:c4
	media: autoselect <full-duplex>
	status: inactive
bridge0: flags=8863<UP,BROADCAST,SMART,RUNNING,SIMPLEX,MULTICAST> mtu 1500
	options=63<RXCSUM,TXCSUM,TSO4,TSO6>
	ether 36:05:77:31:dd:c0
	Configuration:
		id 0:0:0:0:0:0 priority 0 hellotime 0 fwddelay 0
		maxage 0 holdcnt 0 proto stp maxaddr 100 timeout 1200
		root id 0:0:0:0:0:0 priority 0 ifcost 0 port 0
		ipfilter disabled flags 0x0
	member: en1 flags=3<LEARNING,DISCOVER>
	        ifmaxaddr 0 port 9 priority 0 path cost 0
	member: en2 flags=3<LEARNING,DISCOVER>
	        ifmaxaddr 0 port 10 priority 0 path cost 0
	nd6 options=201<PERFORMNUD,DAD>
	media: <unknown type>
	status: inactive
ap1: flags=8843<UP,BROADCAST,RUNNING,SIMPLEX,MULTICAST> mtu 1500
	options=6460<TSO4,TSO6,CHANNEL_IO,PARTIAL_CSUM,ZEROINVERT_CSUM>
	ether f2:88:0c:85:82:15
	inet6 fe80::f088:cff:fe85:8215%ap1 prefixlen 64 scopeid 0xc 
	nd6 options=201<PERFORMNUD,DAD>
	media: autoselect (<unknown type>)
	status: inactive
en0: flags=8863<UP,BROADCAST,SMART,RUNNING,SIMPLEX,MULTICAST> mtu 1500
	options=6460<TSO4,TSO6,CHANNEL_IO,PARTIAL_CSUM,ZEROINVERT_CSUM>
	ether d0:88:0c:85:82:15
	inet6 fe80::4e3:b231:e932:2f83%en0 prefixlen 64 secured scopeid 0xd 
	inet 192.168.178.195 netmask 0xffffff00 broadcast 192.168.178.255
	inet6 2003:f8:747:ad00:1041:67ab:f082:c498 prefixlen 64 autoconf secured 
	inet6 2003:f8:747:ad00:480b:36ae:bc37:62f prefixlen 64 deprecated autoconf temporary 
	inet6 2003:f8:747:ad00:c485:c9b0:8b40:b6dd prefixlen 64 autoconf temporary 
	nd6 options=201<PERFORMNUD,DAD>
	media: autoselect
	status: active
awdl0: flags=8843<UP,BROADCAST,RUNNING,SIMPLEX,MULTICAST> mtu 1500
	options=6460<TSO4,TSO6,CHANNEL_IO,PARTIAL_CSUM,ZEROINVERT_CSUM>
	ether ee:c1:67:b4:31:35
	inet6 fe80::ecc1:67ff:feb4:3135%awdl0 prefixlen 64 scopeid 0xe 
	nd6 options=201<PERFORMNUD,DAD>
	media: autoselect
	status: active
llw0: flags=8863<UP,BROADCAST,SMART,RUNNING,SIMPLEX,MULTICAST> mtu 1500
	options=400<CHANNEL_IO>
	ether ee:c1:67:b4:31:35
	inet6 fe80::ecc1:67ff:feb4:3135%llw0 prefixlen 64 scopeid 0xf 
	nd6 options=201<PERFORMNUD,DAD>
	media: autoselect
	status: inactive
utun0: flags=8051<UP,POINTOPOINT,RUNNING,MULTICAST> mtu 1380
	inet6 fe80::7b33:c3fd:6acd:c631%utun0 prefixlen 64 scopeid 0x10 
	nd6 options=201<PERFORMNUD,DAD>
utun1: flags=8051<UP,POINTOPOINT,RUNNING,MULTICAST> mtu 1500
	inet6 fe80::1d06:4262:a2cc:60d7%utun1 prefixlen 64 scopeid 0x11 
	nd6 options=201<PERFORMNUD,DAD>
utun2: flags=8051<UP,POINTOPOINT,RUNNING,MULTICAST> mtu 2000
	inet6 fe80::bc25:e8f5:b9c7:7742%utun2 prefixlen 64 scopeid 0x12 
	nd6 options=201<PERFORMNUD,DAD>
utun3: flags=8051<UP,POINTOPOINT,RUNNING,MULTICAST> mtu 1000
	inet6 fe80::ce81:b1c:bd2c:69e%utun3 prefixlen 64 scopeid 0x13 
	nd6 options=201<PERFORMNUD,DAD>
en5: flags=8863<UP,BROADCAST,SMART,RUNNING,SIMPLEX,MULTICAST> mtu 1500
	options=404<VLAN_MTU,CHANNEL_IO>
	ether 80:6d:97:43:66:b2
	nd6 options=201<PERFORMNUD,DAD>
	media: autoselect (none)
	status: inactive

INFO:root:search for IP
DEBUG:root:lo0: flags=8049<UP,LOOPBACK,RUNNING,MULTICAST> mtu 16384
	options=1203<RXCSUM,TXCSUM,TXSTATUS,SW_TIMESTAMP>
	inet 127.0.0.1 netmask 0xff000000
	inet6 ::1 prefixlen 128 
	inet6 fe80::1%lo0 prefixlen 64 scopeid 0x1 
	nd6 options=201<PERFORMNUD,DAD>
gif0: flags=8010<POINTOPOINT,MULTICAST> mtu 1280
stf0: flags=0<> mtu 1280
anpi0: flags=8863<UP,BROADCAST,SMART,RUNNING,SIMPLEX,MULTICAST> mtu 1500
	options=400<CHANNEL_IO>
	ether 4a:03:05:39:d6:d3
	media: none
	status: inactive
anpi1: flags=8863<UP,BROADCAST,SMART,RUNNING,SIMPLEX,MULTICAST> mtu 1500
	options=400<CHANNEL_IO>
	ether 4a:03:05:39:d6:d4
	media: none
	status: inactive
en3: flags=8863<UP,BROADCAST,SMART,RUNNING,SIMPLEX,MULTICAST> mtu 1500
	options=400<CHANNEL_IO>
	ether 4a:03:05:39:d6:b3
	nd6 options=201<PERFORMNUD,DAD>
	media: none
	status: inactive
en4: flags=8863<UP,BROADCAST,SMART,RUNNING,SIMPLEX,MULTICAST> mtu 1500
	options=400<CHANNEL_IO>
	ether 4a:03:05:39:d6:b4
	nd6 options=201<PERFORMNUD,DAD>
	media: none
	status: inactive
en1: flags=8963<UP,BROADCAST,SMART,RUNNING,PROMISC,SIMPLEX,MULTICAST> mtu 1500
	options=460<TSO4,TSO6,CHANNEL_IO>
	ether 36:05:77:31:dd:c0
	media: autoselect <full-duplex>
	status: inactive
en2: flags=8963<UP,BROADCAST,SMART,RUNNING,PROMISC,SIMPLEX,MULTICAST> mtu 1500
	options=460<TSO4,TSO6,CHANNEL_IO>
	ether 36:05:77:31:dd:c4
	media: autoselect <full-duplex>
	status: inactive
bridge0: flags=8863<UP,BROADCAST,SMART,RUNNING,SIMPLEX,MULTICAST> mtu 1500
	options=63<RXCSUM,TXCSUM,TSO4,TSO6>
	ether 36:05:77:31:dd:c0
	Configuration:
		id 0:0:0:0:0:0 priority 0 hellotime 0 fwddelay 0
		maxage 0 holdcnt 0 proto stp maxaddr 100 timeout 1200
		root id 0:0:0:0:0:0 priority 0 ifcost 0 port 0
		ipfilter disabled flags 0x0
	member: en1 flags=3<LEARNING,DISCOVER>
	        ifmaxaddr 0 port 9 priority 0 path cost 0
	member: en2 flags=3<LEARNING,DISCOVER>
	        ifmaxaddr 0 port 10 priority 0 path cost 0
	nd6 options=201<PERFORMNUD,DAD>
	media: <unknown type>
	status: inactive
ap1: flags=8843<UP,BROADCAST,RUNNING,SIMPLEX,MULTICAST> mtu 1500
	options=6460<TSO4,TSO6,CHANNEL_IO,PARTIAL_CSUM,ZEROINVERT_CSUM>
	ether f2:88:0c:85:82:15
	inet6 fe80::f088:cff:fe85:8215%ap1 prefixlen 64 scopeid 0xc 
	nd6 options=201<PERFORMNUD,DAD>
	media: autoselect (<unknown type>)
	status: inactive
en0: flags=8863<UP,BROADCAST,SMART,RUNNING,SIMPLEX,MULTICAST> mtu 1500
	options=6460<TSO4,TSO6,CHANNEL_IO,PARTIAL_CSUM,ZEROINVERT_CSUM>
	ether d0:88:0c:85:82:15
	inet6 fe80::4e3:b231:e932:2f83%en0 prefixlen 64 secured scopeid 0xd 
	inet 192.168.178.195 netmask 0xffffff00 broadcast 192.168.178.255
	inet6 2003:f8:747:ad00:1041:67ab:f082:c498 prefixlen 64 autoconf secured 
	inet6 2003:f8:747:ad00:480b:36ae:bc37:62f prefixlen 64 deprecated autoconf temporary 
	inet6 2003:f8:747:ad00:c485:c9b0:8b40:b6dd prefixlen 64 autoconf temporary 
	nd6 options=201<PERFORMNUD,DAD>
	media: autoselect
	status: active
awdl0: flags=8843<UP,BROADCAST,RUNNING,SIMPLEX,MULTICAST> mtu 1500
	options=6460<TSO4,TSO6,CHANNEL_IO,PARTIAL_CSUM,ZEROINVERT_CSUM>
	ether ee:c1:67:b4:31:35
	inet6 fe80::ecc1:67ff:feb4:3135%awdl0 prefixlen 64 scopeid 0xe 
	nd6 options=201<PERFORMNUD,DAD>
	media: autoselect
	status: active
llw0: flags=8863<UP,BROADCAST,SMART,RUNNING,SIMPLEX,MULTICAST> mtu 1500
	options=400<CHANNEL_IO>
	ether ee:c1:67:b4:31:35
	inet6 fe80::ecc1:67ff:feb4:3135%llw0 prefixlen 64 scopeid 0xf 
	nd6 options=201<PERFORMNUD,DAD>
	media: autoselect
	status: inactive
utun0: flags=8051<UP,POINTOPOINT,RUNNING,MULTICAST> mtu 1380
	inet6 fe80::7b33:c3fd:6acd:c631%utun0 prefixlen 64 scopeid 0x10 
	nd6 options=201<PERFORMNUD,DAD>
utun1: flags=8051<UP,POINTOPOINT,RUNNING,MULTICAST> mtu 1500
	inet6 fe80::1d06:4262:a2cc:60d7%utun1 prefixlen 64 scopeid 0x11 
	nd6 options=201<PERFORMNUD,DAD>
utun2: flags=8051<UP,POINTOPOINT,RUNNING,MULTICAST> mtu 2000
	inet6 fe80::bc25:e8f5:b9c7:7742%utun2 prefixlen 64 scopeid 0x12 
	nd6 options=201<PERFORMNUD,DAD>
utun3: flags=8051<UP,POINTOPOINT,RUNNING,MULTICAST> mtu 1000
	inet6 fe80::ce81:b1c:bd2c:69e%utun3 prefixlen 64 scopeid 0x13 
	nd6 options=201<PERFORMNUD,DAD>
en5: flags=8863<UP,BROADCAST,SMART,RUNNING,SIMPLEX,MULTICAST> mtu 1500
	options=404<VLAN_MTU,CHANNEL_IO>
	ether 80:6d:97:43:66:b2
	nd6 options=201<PERFORMNUD,DAD>
	media: autoselect (none)
	status: inactive

INFO:werkzeug:127.0.0.1 - - [05/Nov/2023 13:46:56] "GET /main/ipstate HTTP/1.1" 200 -
INFO:werkzeug: * Detected change in '/Users/matthiasfuchs/Projects/schwimmen/NuvoLEDWebsocket/flaskr/helper.py', reloading
INFO:werkzeug: * Restarting with stat
WARNING:werkzeug: * Debugger is active!
INFO:werkzeug: * Debugger PIN: 105-184-221
INFO:werkzeug: * Detected change in '/Users/matthiasfuchs/Projects/schwimmen/NuvoLEDWebsocket/flaskr/helper.py', reloading
INFO:werkzeug: * Restarting with stat
WARNING:werkzeug: * Debugger is active!
INFO:werkzeug: * Debugger PIN: 105-184-221
INFO:root:search for IP
DEBUG:root:lo0: flags=8049<UP,LOOPBACK,RUNNING,MULTICAST> mtu 16384
	options=1203<RXCSUM,TXCSUM,TXSTATUS,SW_TIMESTAMP>
	inet 127.0.0.1 netmask 0xff000000
	inet6 ::1 prefixlen 128 
	inet6 fe80::1%lo0 prefixlen 64 scopeid 0x1 
	nd6 options=201<PERFORMNUD,DAD>
gif0: flags=8010<POINTOPOINT,MULTICAST> mtu 1280
stf0: flags=0<> mtu 1280
anpi0: flags=8863<UP,BROADCAST,SMART,RUNNING,SIMPLEX,MULTICAST> mtu 1500
	options=400<CHANNEL_IO>
	ether 4a:03:05:39:d6:d3
	media: none
	status: inactive
anpi1: flags=8863<UP,BROADCAST,SMART,RUNNING,SIMPLEX,MULTICAST> mtu 1500
	options=400<CHANNEL_IO>
	ether 4a:03:05:39:d6:d4
	media: none
	status: inactive
en3: flags=8863<UP,BROADCAST,SMART,RUNNING,SIMPLEX,MULTICAST> mtu 1500
	options=400<CHANNEL_IO>
	ether 4a:03:05:39:d6:b3
	nd6 options=201<PERFORMNUD,DAD>
	media: none
	status: inactive
en4: flags=8863<UP,BROADCAST,SMART,RUNNING,SIMPLEX,MULTICAST> mtu 1500
	options=400<CHANNEL_IO>
	ether 4a:03:05:39:d6:b4
	nd6 options=201<PERFORMNUD,DAD>
	media: none
	status: inactive
en1: flags=8963<UP,BROADCAST,SMART,RUNNING,PROMISC,SIMPLEX,MULTICAST> mtu 1500
	options=460<TSO4,TSO6,CHANNEL_IO>
	ether 36:05:77:31:dd:c0
	media: autoselect <full-duplex>
	status: inactive
en2: flags=8963<UP,BROADCAST,SMART,RUNNING,PROMISC,SIMPLEX,MULTICAST> mtu 1500
	options=460<TSO4,TSO6,CHANNEL_IO>
	ether 36:05:77:31:dd:c4
	media: autoselect <full-duplex>
	status: inactive
bridge0: flags=8863<UP,BROADCAST,SMART,RUNNING,SIMPLEX,MULTICAST> mtu 1500
	options=63<RXCSUM,TXCSUM,TSO4,TSO6>
	ether 36:05:77:31:dd:c0
	Configuration:
		id 0:0:0:0:0:0 priority 0 hellotime 0 fwddelay 0
		maxage 0 holdcnt 0 proto stp maxaddr 100 timeout 1200
		root id 0:0:0:0:0:0 priority 0 ifcost 0 port 0
		ipfilter disabled flags 0x0
	member: en1 flags=3<LEARNING,DISCOVER>
	        ifmaxaddr 0 port 9 priority 0 path cost 0
	member: en2 flags=3<LEARNING,DISCOVER>
	        ifmaxaddr 0 port 10 priority 0 path cost 0
	nd6 options=201<PERFORMNUD,DAD>
	media: <unknown type>
	status: inactive
ap1: flags=8843<UP,BROADCAST,RUNNING,SIMPLEX,MULTICAST> mtu 1500
	options=6460<TSO4,TSO6,CHANNEL_IO,PARTIAL_CSUM,ZEROINVERT_CSUM>
	ether f2:88:0c:85:82:15
	inet6 fe80::f088:cff:fe85:8215%ap1 prefixlen 64 scopeid 0xc 
	nd6 options=201<PERFORMNUD,DAD>
	media: autoselect (<unknown type>)
	status: inactive
en0: flags=8863<UP,BROADCAST,SMART,RUNNING,SIMPLEX,MULTICAST> mtu 1500
	options=6460<TSO4,TSO6,CHANNEL_IO,PARTIAL_CSUM,ZEROINVERT_CSUM>
	ether d0:88:0c:85:82:15
	inet6 fe80::4e3:b231:e932:2f83%en0 prefixlen 64 secured scopeid 0xd 
	inet 192.168.178.195 netmask 0xffffff00 broadcast 192.168.178.255
	inet6 2003:f8:747:ad00:1041:67ab:f082:c498 prefixlen 64 autoconf secured 
	inet6 2003:f8:747:ad00:480b:36ae:bc37:62f prefixlen 64 deprecated autoconf temporary 
	inet6 2003:f8:747:ad00:c485:c9b0:8b40:b6dd prefixlen 64 autoconf temporary 
	nd6 options=201<PERFORMNUD,DAD>
	media: autoselect
	status: active
awdl0: flags=8843<UP,BROADCAST,RUNNING,SIMPLEX,MULTICAST> mtu 1500
	options=6460<TSO4,TSO6,CHANNEL_IO,PARTIAL_CSUM,ZEROINVERT_CSUM>
	ether ee:c1:67:b4:31:35
	inet6 fe80::ecc1:67ff:feb4:3135%awdl0 prefixlen 64 scopeid 0xe 
	nd6 options=201<PERFORMNUD,DAD>
	media: autoselect
	status: active
llw0: flags=8863<UP,BROADCAST,SMART,RUNNING,SIMPLEX,MULTICAST> mtu 1500
	options=400<CHANNEL_IO>
	ether ee:c1:67:b4:31:35
	inet6 fe80::ecc1:67ff:feb4:3135%llw0 prefixlen 64 scopeid 0xf 
	nd6 options=201<PERFORMNUD,DAD>
	media: autoselect
	status: inactive
utun0: flags=8051<UP,POINTOPOINT,RUNNING,MULTICAST> mtu 1380
	inet6 fe80::7b33:c3fd:6acd:c631%utun0 prefixlen 64 scopeid 0x10 
	nd6 options=201<PERFORMNUD,DAD>
utun1: flags=8051<UP,POINTOPOINT,RUNNING,MULTICAST> mtu 1500
	inet6 fe80::1d06:4262:a2cc:60d7%utun1 prefixlen 64 scopeid 0x11 
	nd6 options=201<PERFORMNUD,DAD>
utun2: flags=8051<UP,POINTOPOINT,RUNNING,MULTICAST> mtu 2000
	inet6 fe80::bc25:e8f5:b9c7:7742%utun2 prefixlen 64 scopeid 0x12 
	nd6 options=201<PERFORMNUD,DAD>
utun3: flags=8051<UP,POINTOPOINT,RUNNING,MULTICAST> mtu 1000
	inet6 fe80::ce81:b1c:bd2c:69e%utun3 prefixlen 64 scopeid 0x13 
	nd6 options=201<PERFORMNUD,DAD>
en5: flags=8863<UP,BROADCAST,SMART,RUNNING,SIMPLEX,MULTICAST> mtu 1500
	options=404<VLAN_MTU,CHANNEL_IO>
	ether 80:6d:97:43:66:b2
	nd6 options=201<PERFORMNUD,DAD>
	media: autoselect (none)
	status: inactive

INFO:root:search for IP
DEBUG:root:lo0: flags=8049<UP,LOOPBACK,RUNNING,MULTICAST> mtu 16384
	options=1203<RXCSUM,TXCSUM,TXSTATUS,SW_TIMESTAMP>
	inet 127.0.0.1 netmask 0xff000000
	inet6 ::1 prefixlen 128 
	inet6 fe80::1%lo0 prefixlen 64 scopeid 0x1 
	nd6 options=201<PERFORMNUD,DAD>
gif0: flags=8010<POINTOPOINT,MULTICAST> mtu 1280
stf0: flags=0<> mtu 1280
anpi0: flags=8863<UP,BROADCAST,SMART,RUNNING,SIMPLEX,MULTICAST> mtu 1500
	options=400<CHANNEL_IO>
	ether 4a:03:05:39:d6:d3
	media: none
	status: inactive
anpi1: flags=8863<UP,BROADCAST,SMART,RUNNING,SIMPLEX,MULTICAST> mtu 1500
	options=400<CHANNEL_IO>
	ether 4a:03:05:39:d6:d4
	media: none
	status: inactive
en3: flags=8863<UP,BROADCAST,SMART,RUNNING,SIMPLEX,MULTICAST> mtu 1500
	options=400<CHANNEL_IO>
	ether 4a:03:05:39:d6:b3
	nd6 options=201<PERFORMNUD,DAD>
	media: none
	status: inactive
en4: flags=8863<UP,BROADCAST,SMART,RUNNING,SIMPLEX,MULTICAST> mtu 1500
	options=400<CHANNEL_IO>
	ether 4a:03:05:39:d6:b4
	nd6 options=201<PERFORMNUD,DAD>
	media: none
	status: inactive
en1: flags=8963<UP,BROADCAST,SMART,RUNNING,PROMISC,SIMPLEX,MULTICAST> mtu 1500
	options=460<TSO4,TSO6,CHANNEL_IO>
	ether 36:05:77:31:dd:c0
	media: autoselect <full-duplex>
	status: inactive
en2: flags=8963<UP,BROADCAST,SMART,RUNNING,PROMISC,SIMPLEX,MULTICAST> mtu 1500
	options=460<TSO4,TSO6,CHANNEL_IO>
	ether 36:05:77:31:dd:c4
	media: autoselect <full-duplex>
	status: inactive
bridge0: flags=8863<UP,BROADCAST,SMART,RUNNING,SIMPLEX,MULTICAST> mtu 1500
	options=63<RXCSUM,TXCSUM,TSO4,TSO6>
	ether 36:05:77:31:dd:c0
	Configuration:
		id 0:0:0:0:0:0 priority 0 hellotime 0 fwddelay 0
		maxage 0 holdcnt 0 proto stp maxaddr 100 timeout 1200
		root id 0:0:0:0:0:0 priority 0 ifcost 0 port 0
		ipfilter disabled flags 0x0
	member: en1 flags=3<LEARNING,DISCOVER>
	        ifmaxaddr 0 port 9 priority 0 path cost 0
	member: en2 flags=3<LEARNING,DISCOVER>
	        ifmaxaddr 0 port 10 priority 0 path cost 0
	nd6 options=201<PERFORMNUD,DAD>
	media: <unknown type>
	status: inactive
ap1: flags=8843<UP,BROADCAST,RUNNING,SIMPLEX,MULTICAST> mtu 1500
	options=6460<TSO4,TSO6,CHANNEL_IO,PARTIAL_CSUM,ZEROINVERT_CSUM>
	ether f2:88:0c:85:82:15
	inet6 fe80::f088:cff:fe85:8215%ap1 prefixlen 64 scopeid 0xc 
	nd6 options=201<PERFORMNUD,DAD>
	media: autoselect (<unknown type>)
	status: inactive
en0: flags=8863<UP,BROADCAST,SMART,RUNNING,SIMPLEX,MULTICAST> mtu 1500
	options=6460<TSO4,TSO6,CHANNEL_IO,PARTIAL_CSUM,ZEROINVERT_CSUM>
	ether d0:88:0c:85:82:15
	inet6 fe80::4e3:b231:e932:2f83%en0 prefixlen 64 secured scopeid 0xd 
	inet 192.168.178.195 netmask 0xffffff00 broadcast 192.168.178.255
	inet6 2003:f8:747:ad00:1041:67ab:f082:c498 prefixlen 64 autoconf secured 
	inet6 2003:f8:747:ad00:480b:36ae:bc37:62f prefixlen 64 deprecated autoconf temporary 
	inet6 2003:f8:747:ad00:c485:c9b0:8b40:b6dd prefixlen 64 autoconf temporary 
	nd6 options=201<PERFORMNUD,DAD>
	media: autoselect
	status: active
awdl0: flags=8843<UP,BROADCAST,RUNNING,SIMPLEX,MULTICAST> mtu 1500
	options=6460<TSO4,TSO6,CHANNEL_IO,PARTIAL_CSUM,ZEROINVERT_CSUM>
	ether ee:c1:67:b4:31:35
	inet6 fe80::ecc1:67ff:feb4:3135%awdl0 prefixlen 64 scopeid 0xe 
	nd6 options=201<PERFORMNUD,DAD>
	media: autoselect
	status: active
llw0: flags=8863<UP,BROADCAST,SMART,RUNNING,SIMPLEX,MULTICAST> mtu 1500
	options=400<CHANNEL_IO>
	ether ee:c1:67:b4:31:35
	inet6 fe80::ecc1:67ff:feb4:3135%llw0 prefixlen 64 scopeid 0xf 
	nd6 options=201<PERFORMNUD,DAD>
	media: autoselect
	status: inactive
utun0: flags=8051<UP,POINTOPOINT,RUNNING,MULTICAST> mtu 1380
	inet6 fe80::7b33:c3fd:6acd:c631%utun0 prefixlen 64 scopeid 0x10 
	nd6 options=201<PERFORMNUD,DAD>
utun1: flags=8051<UP,POINTOPOINT,RUNNING,MULTICAST> mtu 1500
	inet6 fe80::1d06:4262:a2cc:60d7%utun1 prefixlen 64 scopeid 0x11 
	nd6 options=201<PERFORMNUD,DAD>
utun2: flags=8051<UP,POINTOPOINT,RUNNING,MULTICAST> mtu 2000
	inet6 fe80::bc25:e8f5:b9c7:7742%utun2 prefixlen 64 scopeid 0x12 
	nd6 options=201<PERFORMNUD,DAD>
utun3: flags=8051<UP,POINTOPOINT,RUNNING,MULTICAST> mtu 1000
	inet6 fe80::ce81:b1c:bd2c:69e%utun3 prefixlen 64 scopeid 0x13 
	nd6 options=201<PERFORMNUD,DAD>
en5: flags=8863<UP,BROADCAST,SMART,RUNNING,SIMPLEX,MULTICAST> mtu 1500
	options=404<VLAN_MTU,CHANNEL_IO>
	ether 80:6d:97:43:66:b2
	nd6 options=201<PERFORMNUD,DAD>
	media: autoselect (none)
	status: inactive

INFO:werkzeug:127.0.0.1 - - [05/Nov/2023 13:49:19] "GET /main/ipstate HTTP/1.1" 200 -
INFO:werkzeug: * Detected change in '/Users/matthiasfuchs/Projects/schwimmen/NuvoLEDWebsocket/flaskr/helper.py', reloading
INFO:werkzeug: * Restarting with stat
WARNING:werkzeug: * Debugger is active!
INFO:werkzeug: * Debugger PIN: 105-184-221
INFO:root:search for IP
DEBUG:root:lo0: flags=8049<UP,LOOPBACK,RUNNING,MULTICAST> mtu 16384
	options=1203<RXCSUM,TXCSUM,TXSTATUS,SW_TIMESTAMP>
	inet 127.0.0.1 netmask 0xff000000
	inet6 ::1 prefixlen 128 
	inet6 fe80::1%lo0 prefixlen 64 scopeid 0x1 
	nd6 options=201<PERFORMNUD,DAD>
gif0: flags=8010<POINTOPOINT,MULTICAST> mtu 1280
stf0: flags=0<> mtu 1280
anpi0: flags=8863<UP,BROADCAST,SMART,RUNNING,SIMPLEX,MULTICAST> mtu 1500
	options=400<CHANNEL_IO>
	ether 4a:03:05:39:d6:d3
	media: none
	status: inactive
anpi1: flags=8863<UP,BROADCAST,SMART,RUNNING,SIMPLEX,MULTICAST> mtu 1500
	options=400<CHANNEL_IO>
	ether 4a:03:05:39:d6:d4
	media: none
	status: inactive
en3: flags=8863<UP,BROADCAST,SMART,RUNNING,SIMPLEX,MULTICAST> mtu 1500
	options=400<CHANNEL_IO>
	ether 4a:03:05:39:d6:b3
	nd6 options=201<PERFORMNUD,DAD>
	media: none
	status: inactive
en4: flags=8863<UP,BROADCAST,SMART,RUNNING,SIMPLEX,MULTICAST> mtu 1500
	options=400<CHANNEL_IO>
	ether 4a:03:05:39:d6:b4
	nd6 options=201<PERFORMNUD,DAD>
	media: none
	status: inactive
en1: flags=8963<UP,BROADCAST,SMART,RUNNING,PROMISC,SIMPLEX,MULTICAST> mtu 1500
	options=460<TSO4,TSO6,CHANNEL_IO>
	ether 36:05:77:31:dd:c0
	media: autoselect <full-duplex>
	status: inactive
en2: flags=8963<UP,BROADCAST,SMART,RUNNING,PROMISC,SIMPLEX,MULTICAST> mtu 1500
	options=460<TSO4,TSO6,CHANNEL_IO>
	ether 36:05:77:31:dd:c4
	media: autoselect <full-duplex>
	status: inactive
bridge0: flags=8863<UP,BROADCAST,SMART,RUNNING,SIMPLEX,MULTICAST> mtu 1500
	options=63<RXCSUM,TXCSUM,TSO4,TSO6>
	ether 36:05:77:31:dd:c0
	Configuration:
		id 0:0:0:0:0:0 priority 0 hellotime 0 fwddelay 0
		maxage 0 holdcnt 0 proto stp maxaddr 100 timeout 1200
		root id 0:0:0:0:0:0 priority 0 ifcost 0 port 0
		ipfilter disabled flags 0x0
	member: en1 flags=3<LEARNING,DISCOVER>
	        ifmaxaddr 0 port 9 priority 0 path cost 0
	member: en2 flags=3<LEARNING,DISCOVER>
	        ifmaxaddr 0 port 10 priority 0 path cost 0
	nd6 options=201<PERFORMNUD,DAD>
	media: <unknown type>
	status: inactive
ap1: flags=8843<UP,BROADCAST,RUNNING,SIMPLEX,MULTICAST> mtu 1500
	options=6460<TSO4,TSO6,CHANNEL_IO,PARTIAL_CSUM,ZEROINVERT_CSUM>
	ether f2:88:0c:85:82:15
	inet6 fe80::f088:cff:fe85:8215%ap1 prefixlen 64 scopeid 0xc 
	nd6 options=201<PERFORMNUD,DAD>
	media: autoselect (<unknown type>)
	status: inactive
en0: flags=8863<UP,BROADCAST,SMART,RUNNING,SIMPLEX,MULTICAST> mtu 1500
	options=6460<TSO4,TSO6,CHANNEL_IO,PARTIAL_CSUM,ZEROINVERT_CSUM>
	ether d0:88:0c:85:82:15
	inet6 fe80::4e3:b231:e932:2f83%en0 prefixlen 64 secured scopeid 0xd 
	inet 192.168.178.195 netmask 0xffffff00 broadcast 192.168.178.255
	inet6 2003:f8:747:ad00:1041:67ab:f082:c498 prefixlen 64 autoconf secured 
	inet6 2003:f8:747:ad00:480b:36ae:bc37:62f prefixlen 64 deprecated autoconf temporary 
	inet6 2003:f8:747:ad00:c485:c9b0:8b40:b6dd prefixlen 64 autoconf temporary 
	nd6 options=201<PERFORMNUD,DAD>
	media: autoselect
	status: active
awdl0: flags=8843<UP,BROADCAST,RUNNING,SIMPLEX,MULTICAST> mtu 1500
	options=6460<TSO4,TSO6,CHANNEL_IO,PARTIAL_CSUM,ZEROINVERT_CSUM>
	ether ee:c1:67:b4:31:35
	inet6 fe80::ecc1:67ff:feb4:3135%awdl0 prefixlen 64 scopeid 0xe 
	nd6 options=201<PERFORMNUD,DAD>
	media: autoselect
	status: active
llw0: flags=8863<UP,BROADCAST,SMART,RUNNING,SIMPLEX,MULTICAST> mtu 1500
	options=400<CHANNEL_IO>
	ether ee:c1:67:b4:31:35
	inet6 fe80::ecc1:67ff:feb4:3135%llw0 prefixlen 64 scopeid 0xf 
	nd6 options=201<PERFORMNUD,DAD>
	media: autoselect
	status: inactive
utun0: flags=8051<UP,POINTOPOINT,RUNNING,MULTICAST> mtu 1380
	inet6 fe80::7b33:c3fd:6acd:c631%utun0 prefixlen 64 scopeid 0x10 
	nd6 options=201<PERFORMNUD,DAD>
utun1: flags=8051<UP,POINTOPOINT,RUNNING,MULTICAST> mtu 1500
	inet6 fe80::1d06:4262:a2cc:60d7%utun1 prefixlen 64 scopeid 0x11 
	nd6 options=201<PERFORMNUD,DAD>
utun2: flags=8051<UP,POINTOPOINT,RUNNING,MULTICAST> mtu 2000
	inet6 fe80::bc25:e8f5:b9c7:7742%utun2 prefixlen 64 scopeid 0x12 
	nd6 options=201<PERFORMNUD,DAD>
utun3: flags=8051<UP,POINTOPOINT,RUNNING,MULTICAST> mtu 1000
	inet6 fe80::ce81:b1c:bd2c:69e%utun3 prefixlen 64 scopeid 0x13 
	nd6 options=201<PERFORMNUD,DAD>
en5: flags=8863<UP,BROADCAST,SMART,RUNNING,SIMPLEX,MULTICAST> mtu 1500
	options=404<VLAN_MTU,CHANNEL_IO>
	ether 80:6d:97:43:66:b2
	nd6 options=201<PERFORMNUD,DAD>
	media: autoselect (none)
	status: inactive

INFO:root:search for IP
DEBUG:root:lo0: flags=8049<UP,LOOPBACK,RUNNING,MULTICAST> mtu 16384
	options=1203<RXCSUM,TXCSUM,TXSTATUS,SW_TIMESTAMP>
	inet 127.0.0.1 netmask 0xff000000
	inet6 ::1 prefixlen 128 
	inet6 fe80::1%lo0 prefixlen 64 scopeid 0x1 
	nd6 options=201<PERFORMNUD,DAD>
gif0: flags=8010<POINTOPOINT,MULTICAST> mtu 1280
stf0: flags=0<> mtu 1280
anpi0: flags=8863<UP,BROADCAST,SMART,RUNNING,SIMPLEX,MULTICAST> mtu 1500
	options=400<CHANNEL_IO>
	ether 4a:03:05:39:d6:d3
	media: none
	status: inactive
anpi1: flags=8863<UP,BROADCAST,SMART,RUNNING,SIMPLEX,MULTICAST> mtu 1500
	options=400<CHANNEL_IO>
	ether 4a:03:05:39:d6:d4
	media: none
	status: inactive
en3: flags=8863<UP,BROADCAST,SMART,RUNNING,SIMPLEX,MULTICAST> mtu 1500
	options=400<CHANNEL_IO>
	ether 4a:03:05:39:d6:b3
	nd6 options=201<PERFORMNUD,DAD>
	media: none
	status: inactive
en4: flags=8863<UP,BROADCAST,SMART,RUNNING,SIMPLEX,MULTICAST> mtu 1500
	options=400<CHANNEL_IO>
	ether 4a:03:05:39:d6:b4
	nd6 options=201<PERFORMNUD,DAD>
	media: none
	status: inactive
en1: flags=8963<UP,BROADCAST,SMART,RUNNING,PROMISC,SIMPLEX,MULTICAST> mtu 1500
	options=460<TSO4,TSO6,CHANNEL_IO>
	ether 36:05:77:31:dd:c0
	media: autoselect <full-duplex>
	status: inactive
en2: flags=8963<UP,BROADCAST,SMART,RUNNING,PROMISC,SIMPLEX,MULTICAST> mtu 1500
	options=460<TSO4,TSO6,CHANNEL_IO>
	ether 36:05:77:31:dd:c4
	media: autoselect <full-duplex>
	status: inactive
bridge0: flags=8863<UP,BROADCAST,SMART,RUNNING,SIMPLEX,MULTICAST> mtu 1500
	options=63<RXCSUM,TXCSUM,TSO4,TSO6>
	ether 36:05:77:31:dd:c0
	Configuration:
		id 0:0:0:0:0:0 priority 0 hellotime 0 fwddelay 0
		maxage 0 holdcnt 0 proto stp maxaddr 100 timeout 1200
		root id 0:0:0:0:0:0 priority 0 ifcost 0 port 0
		ipfilter disabled flags 0x0
	member: en1 flags=3<LEARNING,DISCOVER>
	        ifmaxaddr 0 port 9 priority 0 path cost 0
	member: en2 flags=3<LEARNING,DISCOVER>
	        ifmaxaddr 0 port 10 priority 0 path cost 0
	nd6 options=201<PERFORMNUD,DAD>
	media: <unknown type>
	status: inactive
ap1: flags=8843<UP,BROADCAST,RUNNING,SIMPLEX,MULTICAST> mtu 1500
	options=6460<TSO4,TSO6,CHANNEL_IO,PARTIAL_CSUM,ZEROINVERT_CSUM>
	ether f2:88:0c:85:82:15
	inet6 fe80::f088:cff:fe85:8215%ap1 prefixlen 64 scopeid 0xc 
	nd6 options=201<PERFORMNUD,DAD>
	media: autoselect (<unknown type>)
	status: inactive
en0: flags=8863<UP,BROADCAST,SMART,RUNNING,SIMPLEX,MULTICAST> mtu 1500
	options=6460<TSO4,TSO6,CHANNEL_IO,PARTIAL_CSUM,ZEROINVERT_CSUM>
	ether d0:88:0c:85:82:15
	inet6 fe80::4e3:b231:e932:2f83%en0 prefixlen 64 secured scopeid 0xd 
	inet 192.168.178.195 netmask 0xffffff00 broadcast 192.168.178.255
	inet6 2003:f8:747:ad00:1041:67ab:f082:c498 prefixlen 64 autoconf secured 
	inet6 2003:f8:747:ad00:480b:36ae:bc37:62f prefixlen 64 deprecated autoconf temporary 
	inet6 2003:f8:747:ad00:c485:c9b0:8b40:b6dd prefixlen 64 autoconf temporary 
	nd6 options=201<PERFORMNUD,DAD>
	media: autoselect
	status: active
awdl0: flags=8843<UP,BROADCAST,RUNNING,SIMPLEX,MULTICAST> mtu 1500
	options=6460<TSO4,TSO6,CHANNEL_IO,PARTIAL_CSUM,ZEROINVERT_CSUM>
	ether ee:c1:67:b4:31:35
	inet6 fe80::ecc1:67ff:feb4:3135%awdl0 prefixlen 64 scopeid 0xe 
	nd6 options=201<PERFORMNUD,DAD>
	media: autoselect
	status: active
llw0: flags=8863<UP,BROADCAST,SMART,RUNNING,SIMPLEX,MULTICAST> mtu 1500
	options=400<CHANNEL_IO>
	ether ee:c1:67:b4:31:35
	inet6 fe80::ecc1:67ff:feb4:3135%llw0 prefixlen 64 scopeid 0xf 
	nd6 options=201<PERFORMNUD,DAD>
	media: autoselect
	status: inactive
utun0: flags=8051<UP,POINTOPOINT,RUNNING,MULTICAST> mtu 1380
	inet6 fe80::7b33:c3fd:6acd:c631%utun0 prefixlen 64 scopeid 0x10 
	nd6 options=201<PERFORMNUD,DAD>
utun1: flags=8051<UP,POINTOPOINT,RUNNING,MULTICAST> mtu 1500
	inet6 fe80::1d06:4262:a2cc:60d7%utun1 prefixlen 64 scopeid 0x11 
	nd6 options=201<PERFORMNUD,DAD>
utun2: flags=8051<UP,POINTOPOINT,RUNNING,MULTICAST> mtu 2000
	inet6 fe80::bc25:e8f5:b9c7:7742%utun2 prefixlen 64 scopeid 0x12 
	nd6 options=201<PERFORMNUD,DAD>
utun3: flags=8051<UP,POINTOPOINT,RUNNING,MULTICAST> mtu 1000
	inet6 fe80::ce81:b1c:bd2c:69e%utun3 prefixlen 64 scopeid 0x13 
	nd6 options=201<PERFORMNUD,DAD>
en5: flags=8863<UP,BROADCAST,SMART,RUNNING,SIMPLEX,MULTICAST> mtu 1500
	options=404<VLAN_MTU,CHANNEL_IO>
	ether 80:6d:97:43:66:b2
	nd6 options=201<PERFORMNUD,DAD>
	media: autoselect (none)
	status: inactive

INFO:werkzeug:127.0.0.1 - - [05/Nov/2023 13:51:12] "GET /main/ipstate HTTP/1.1" 200 -
INFO:werkzeug: * Detected change in '/Users/matthiasfuchs/Projects/schwimmen/NuvoLEDWebsocket/flaskr/helper.py', reloading
INFO:werkzeug: * Restarting with stat
WARNING:werkzeug: * Debugger is active!
INFO:werkzeug: * Debugger PIN: 105-184-221
INFO:root:search for IP
DEBUG:root:lo0: flags=8049<UP,LOOPBACK,RUNNING,MULTICAST> mtu 16384
	options=1203<RXCSUM,TXCSUM,TXSTATUS,SW_TIMESTAMP>
	inet 127.0.0.1 netmask 0xff000000
	inet6 ::1 prefixlen 128 
	inet6 fe80::1%lo0 prefixlen 64 scopeid 0x1 
	nd6 options=201<PERFORMNUD,DAD>
gif0: flags=8010<POINTOPOINT,MULTICAST> mtu 1280
stf0: flags=0<> mtu 1280
anpi0: flags=8863<UP,BROADCAST,SMART,RUNNING,SIMPLEX,MULTICAST> mtu 1500
	options=400<CHANNEL_IO>
	ether 4a:03:05:39:d6:d3
	media: none
	status: inactive
anpi1: flags=8863<UP,BROADCAST,SMART,RUNNING,SIMPLEX,MULTICAST> mtu 1500
	options=400<CHANNEL_IO>
	ether 4a:03:05:39:d6:d4
	media: none
	status: inactive
en3: flags=8863<UP,BROADCAST,SMART,RUNNING,SIMPLEX,MULTICAST> mtu 1500
	options=400<CHANNEL_IO>
	ether 4a:03:05:39:d6:b3
	nd6 options=201<PERFORMNUD,DAD>
	media: none
	status: inactive
en4: flags=8863<UP,BROADCAST,SMART,RUNNING,SIMPLEX,MULTICAST> mtu 1500
	options=400<CHANNEL_IO>
	ether 4a:03:05:39:d6:b4
	nd6 options=201<PERFORMNUD,DAD>
	media: none
	status: inactive
en1: flags=8963<UP,BROADCAST,SMART,RUNNING,PROMISC,SIMPLEX,MULTICAST> mtu 1500
	options=460<TSO4,TSO6,CHANNEL_IO>
	ether 36:05:77:31:dd:c0
	media: autoselect <full-duplex>
	status: inactive
en2: flags=8963<UP,BROADCAST,SMART,RUNNING,PROMISC,SIMPLEX,MULTICAST> mtu 1500
	options=460<TSO4,TSO6,CHANNEL_IO>
	ether 36:05:77:31:dd:c4
	media: autoselect <full-duplex>
	status: inactive
bridge0: flags=8863<UP,BROADCAST,SMART,RUNNING,SIMPLEX,MULTICAST> mtu 1500
	options=63<RXCSUM,TXCSUM,TSO4,TSO6>
	ether 36:05:77:31:dd:c0
	Configuration:
		id 0:0:0:0:0:0 priority 0 hellotime 0 fwddelay 0
		maxage 0 holdcnt 0 proto stp maxaddr 100 timeout 1200
		root id 0:0:0:0:0:0 priority 0 ifcost 0 port 0
		ipfilter disabled flags 0x0
	member: en1 flags=3<LEARNING,DISCOVER>
	        ifmaxaddr 0 port 9 priority 0 path cost 0
	member: en2 flags=3<LEARNING,DISCOVER>
	        ifmaxaddr 0 port 10 priority 0 path cost 0
	nd6 options=201<PERFORMNUD,DAD>
	media: <unknown type>
	status: inactive
ap1: flags=8843<UP,BROADCAST,RUNNING,SIMPLEX,MULTICAST> mtu 1500
	options=6460<TSO4,TSO6,CHANNEL_IO,PARTIAL_CSUM,ZEROINVERT_CSUM>
	ether f2:88:0c:85:82:15
	inet6 fe80::f088:cff:fe85:8215%ap1 prefixlen 64 scopeid 0xc 
	nd6 options=201<PERFORMNUD,DAD>
	media: autoselect (<unknown type>)
	status: inactive
en0: flags=8863<UP,BROADCAST,SMART,RUNNING,SIMPLEX,MULTICAST> mtu 1500
	options=6460<TSO4,TSO6,CHANNEL_IO,PARTIAL_CSUM,ZEROINVERT_CSUM>
	ether d0:88:0c:85:82:15
	inet6 fe80::4e3:b231:e932:2f83%en0 prefixlen 64 secured scopeid 0xd 
	inet 192.168.178.195 netmask 0xffffff00 broadcast 192.168.178.255
	inet6 2003:f8:747:ad00:1041:67ab:f082:c498 prefixlen 64 autoconf secured 
	inet6 2003:f8:747:ad00:480b:36ae:bc37:62f prefixlen 64 deprecated autoconf temporary 
	inet6 2003:f8:747:ad00:c485:c9b0:8b40:b6dd prefixlen 64 autoconf temporary 
	nd6 options=201<PERFORMNUD,DAD>
	media: autoselect
	status: active
awdl0: flags=8843<UP,BROADCAST,RUNNING,SIMPLEX,MULTICAST> mtu 1500
	options=6460<TSO4,TSO6,CHANNEL_IO,PARTIAL_CSUM,ZEROINVERT_CSUM>
	ether ee:c1:67:b4:31:35
	inet6 fe80::ecc1:67ff:feb4:3135%awdl0 prefixlen 64 scopeid 0xe 
	nd6 options=201<PERFORMNUD,DAD>
	media: autoselect
	status: active
llw0: flags=8863<UP,BROADCAST,SMART,RUNNING,SIMPLEX,MULTICAST> mtu 1500
	options=400<CHANNEL_IO>
	ether ee:c1:67:b4:31:35
	inet6 fe80::ecc1:67ff:feb4:3135%llw0 prefixlen 64 scopeid 0xf 
	nd6 options=201<PERFORMNUD,DAD>
	media: autoselect
	status: inactive
utun0: flags=8051<UP,POINTOPOINT,RUNNING,MULTICAST> mtu 1380
	inet6 fe80::7b33:c3fd:6acd:c631%utun0 prefixlen 64 scopeid 0x10 
	nd6 options=201<PERFORMNUD,DAD>
utun1: flags=8051<UP,POINTOPOINT,RUNNING,MULTICAST> mtu 1500
	inet6 fe80::1d06:4262:a2cc:60d7%utun1 prefixlen 64 scopeid 0x11 
	nd6 options=201<PERFORMNUD,DAD>
utun2: flags=8051<UP,POINTOPOINT,RUNNING,MULTICAST> mtu 2000
	inet6 fe80::bc25:e8f5:b9c7:7742%utun2 prefixlen 64 scopeid 0x12 
	nd6 options=201<PERFORMNUD,DAD>
utun3: flags=8051<UP,POINTOPOINT,RUNNING,MULTICAST> mtu 1000
	inet6 fe80::ce81:b1c:bd2c:69e%utun3 prefixlen 64 scopeid 0x13 
	nd6 options=201<PERFORMNUD,DAD>
en5: flags=8863<UP,BROADCAST,SMART,RUNNING,SIMPLEX,MULTICAST> mtu 1500
	options=404<VLAN_MTU,CHANNEL_IO>
	ether 80:6d:97:43:66:b2
	nd6 options=201<PERFORMNUD,DAD>
	media: autoselect (none)
	status: inactive

INFO:root:search for IP
DEBUG:root:lo0: flags=8049<UP,LOOPBACK,RUNNING,MULTICAST> mtu 16384
	options=1203<RXCSUM,TXCSUM,TXSTATUS,SW_TIMESTAMP>
	inet 127.0.0.1 netmask 0xff000000
	inet6 ::1 prefixlen 128 
	inet6 fe80::1%lo0 prefixlen 64 scopeid 0x1 
	nd6 options=201<PERFORMNUD,DAD>
gif0: flags=8010<POINTOPOINT,MULTICAST> mtu 1280
stf0: flags=0<> mtu 1280
anpi0: flags=8863<UP,BROADCAST,SMART,RUNNING,SIMPLEX,MULTICAST> mtu 1500
	options=400<CHANNEL_IO>
	ether 4a:03:05:39:d6:d3
	media: none
	status: inactive
anpi1: flags=8863<UP,BROADCAST,SMART,RUNNING,SIMPLEX,MULTICAST> mtu 1500
	options=400<CHANNEL_IO>
	ether 4a:03:05:39:d6:d4
	media: none
	status: inactive
en3: flags=8863<UP,BROADCAST,SMART,RUNNING,SIMPLEX,MULTICAST> mtu 1500
	options=400<CHANNEL_IO>
	ether 4a:03:05:39:d6:b3
	nd6 options=201<PERFORMNUD,DAD>
	media: none
	status: inactive
en4: flags=8863<UP,BROADCAST,SMART,RUNNING,SIMPLEX,MULTICAST> mtu 1500
	options=400<CHANNEL_IO>
	ether 4a:03:05:39:d6:b4
	nd6 options=201<PERFORMNUD,DAD>
	media: none
	status: inactive
en1: flags=8963<UP,BROADCAST,SMART,RUNNING,PROMISC,SIMPLEX,MULTICAST> mtu 1500
	options=460<TSO4,TSO6,CHANNEL_IO>
	ether 36:05:77:31:dd:c0
	media: autoselect <full-duplex>
	status: inactive
en2: flags=8963<UP,BROADCAST,SMART,RUNNING,PROMISC,SIMPLEX,MULTICAST> mtu 1500
	options=460<TSO4,TSO6,CHANNEL_IO>
	ether 36:05:77:31:dd:c4
	media: autoselect <full-duplex>
	status: inactive
bridge0: flags=8863<UP,BROADCAST,SMART,RUNNING,SIMPLEX,MULTICAST> mtu 1500
	options=63<RXCSUM,TXCSUM,TSO4,TSO6>
	ether 36:05:77:31:dd:c0
	Configuration:
		id 0:0:0:0:0:0 priority 0 hellotime 0 fwddelay 0
		maxage 0 holdcnt 0 proto stp maxaddr 100 timeout 1200
		root id 0:0:0:0:0:0 priority 0 ifcost 0 port 0
		ipfilter disabled flags 0x0
	member: en1 flags=3<LEARNING,DISCOVER>
	        ifmaxaddr 0 port 9 priority 0 path cost 0
	member: en2 flags=3<LEARNING,DISCOVER>
	        ifmaxaddr 0 port 10 priority 0 path cost 0
	nd6 options=201<PERFORMNUD,DAD>
	media: <unknown type>
	status: inactive
ap1: flags=8843<UP,BROADCAST,RUNNING,SIMPLEX,MULTICAST> mtu 1500
	options=6460<TSO4,TSO6,CHANNEL_IO,PARTIAL_CSUM,ZEROINVERT_CSUM>
	ether f2:88:0c:85:82:15
	inet6 fe80::f088:cff:fe85:8215%ap1 prefixlen 64 scopeid 0xc 
	nd6 options=201<PERFORMNUD,DAD>
	media: autoselect (<unknown type>)
	status: inactive
en0: flags=8863<UP,BROADCAST,SMART,RUNNING,SIMPLEX,MULTICAST> mtu 1500
	options=6460<TSO4,TSO6,CHANNEL_IO,PARTIAL_CSUM,ZEROINVERT_CSUM>
	ether d0:88:0c:85:82:15
	inet6 fe80::4e3:b231:e932:2f83%en0 prefixlen 64 secured scopeid 0xd 
	inet 192.168.178.195 netmask 0xffffff00 broadcast 192.168.178.255
	inet6 2003:f8:747:ad00:1041:67ab:f082:c498 prefixlen 64 autoconf secured 
	inet6 2003:f8:747:ad00:480b:36ae:bc37:62f prefixlen 64 deprecated autoconf temporary 
	inet6 2003:f8:747:ad00:c485:c9b0:8b40:b6dd prefixlen 64 autoconf temporary 
	nd6 options=201<PERFORMNUD,DAD>
	media: autoselect
	status: active
awdl0: flags=8843<UP,BROADCAST,RUNNING,SIMPLEX,MULTICAST> mtu 1500
	options=6460<TSO4,TSO6,CHANNEL_IO,PARTIAL_CSUM,ZEROINVERT_CSUM>
	ether ee:c1:67:b4:31:35
	inet6 fe80::ecc1:67ff:feb4:3135%awdl0 prefixlen 64 scopeid 0xe 
	nd6 options=201<PERFORMNUD,DAD>
	media: autoselect
	status: active
llw0: flags=8863<UP,BROADCAST,SMART,RUNNING,SIMPLEX,MULTICAST> mtu 1500
	options=400<CHANNEL_IO>
	ether ee:c1:67:b4:31:35
	inet6 fe80::ecc1:67ff:feb4:3135%llw0 prefixlen 64 scopeid 0xf 
	nd6 options=201<PERFORMNUD,DAD>
	media: autoselect
	status: inactive
utun0: flags=8051<UP,POINTOPOINT,RUNNING,MULTICAST> mtu 1380
	inet6 fe80::7b33:c3fd:6acd:c631%utun0 prefixlen 64 scopeid 0x10 
	nd6 options=201<PERFORMNUD,DAD>
utun1: flags=8051<UP,POINTOPOINT,RUNNING,MULTICAST> mtu 1500
	inet6 fe80::1d06:4262:a2cc:60d7%utun1 prefixlen 64 scopeid 0x11 
	nd6 options=201<PERFORMNUD,DAD>
utun2: flags=8051<UP,POINTOPOINT,RUNNING,MULTICAST> mtu 2000
	inet6 fe80::bc25:e8f5:b9c7:7742%utun2 prefixlen 64 scopeid 0x12 
	nd6 options=201<PERFORMNUD,DAD>
utun3: flags=8051<UP,POINTOPOINT,RUNNING,MULTICAST> mtu 1000
	inet6 fe80::ce81:b1c:bd2c:69e%utun3 prefixlen 64 scopeid 0x13 
	nd6 options=201<PERFORMNUD,DAD>
en5: flags=8863<UP,BROADCAST,SMART,RUNNING,SIMPLEX,MULTICAST> mtu 1500
	options=404<VLAN_MTU,CHANNEL_IO>
	ether 80:6d:97:43:66:b2
	nd6 options=201<PERFORMNUD,DAD>
	media: autoselect (none)
	status: inactive

INFO:werkzeug:127.0.0.1 - - [05/Nov/2023 13:54:37] "GET /main/ipstate HTTP/1.1" 200 -
INFO:werkzeug: * Detected change in '/Users/matthiasfuchs/Projects/schwimmen/NuvoLEDWebsocket/flaskr/main.py', reloading
INFO:werkzeug: * Restarting with stat
WARNING:werkzeug: * Debugger is active!
INFO:werkzeug: * Debugger PIN: 105-184-221
INFO:root:search for IP
DEBUG:root:lo0: flags=8049<UP,LOOPBACK,RUNNING,MULTICAST> mtu 16384
	options=1203<RXCSUM,TXCSUM,TXSTATUS,SW_TIMESTAMP>
	inet 127.0.0.1 netmask 0xff000000
	inet6 ::1 prefixlen 128 
	inet6 fe80::1%lo0 prefixlen 64 scopeid 0x1 
	nd6 options=201<PERFORMNUD,DAD>
gif0: flags=8010<POINTOPOINT,MULTICAST> mtu 1280
stf0: flags=0<> mtu 1280
anpi0: flags=8863<UP,BROADCAST,SMART,RUNNING,SIMPLEX,MULTICAST> mtu 1500
	options=400<CHANNEL_IO>
	ether 4a:03:05:39:d6:d3
	media: none
	status: inactive
anpi1: flags=8863<UP,BROADCAST,SMART,RUNNING,SIMPLEX,MULTICAST> mtu 1500
	options=400<CHANNEL_IO>
	ether 4a:03:05:39:d6:d4
	media: none
	status: inactive
en3: flags=8863<UP,BROADCAST,SMART,RUNNING,SIMPLEX,MULTICAST> mtu 1500
	options=400<CHANNEL_IO>
	ether 4a:03:05:39:d6:b3
	nd6 options=201<PERFORMNUD,DAD>
	media: none
	status: inactive
en4: flags=8863<UP,BROADCAST,SMART,RUNNING,SIMPLEX,MULTICAST> mtu 1500
	options=400<CHANNEL_IO>
	ether 4a:03:05:39:d6:b4
	nd6 options=201<PERFORMNUD,DAD>
	media: none
	status: inactive
en1: flags=8963<UP,BROADCAST,SMART,RUNNING,PROMISC,SIMPLEX,MULTICAST> mtu 1500
	options=460<TSO4,TSO6,CHANNEL_IO>
	ether 36:05:77:31:dd:c0
	media: autoselect <full-duplex>
	status: inactive
en2: flags=8963<UP,BROADCAST,SMART,RUNNING,PROMISC,SIMPLEX,MULTICAST> mtu 1500
	options=460<TSO4,TSO6,CHANNEL_IO>
	ether 36:05:77:31:dd:c4
	media: autoselect <full-duplex>
	status: inactive
bridge0: flags=8863<UP,BROADCAST,SMART,RUNNING,SIMPLEX,MULTICAST> mtu 1500
	options=63<RXCSUM,TXCSUM,TSO4,TSO6>
	ether 36:05:77:31:dd:c0
	Configuration:
		id 0:0:0:0:0:0 priority 0 hellotime 0 fwddelay 0
		maxage 0 holdcnt 0 proto stp maxaddr 100 timeout 1200
		root id 0:0:0:0:0:0 priority 0 ifcost 0 port 0
		ipfilter disabled flags 0x0
	member: en1 flags=3<LEARNING,DISCOVER>
	        ifmaxaddr 0 port 9 priority 0 path cost 0
	member: en2 flags=3<LEARNING,DISCOVER>
	        ifmaxaddr 0 port 10 priority 0 path cost 0
	nd6 options=201<PERFORMNUD,DAD>
	media: <unknown type>
	status: inactive
ap1: flags=8843<UP,BROADCAST,RUNNING,SIMPLEX,MULTICAST> mtu 1500
	options=6460<TSO4,TSO6,CHANNEL_IO,PARTIAL_CSUM,ZEROINVERT_CSUM>
	ether f2:88:0c:85:82:15
	inet6 fe80::f088:cff:fe85:8215%ap1 prefixlen 64 scopeid 0xc 
	nd6 options=201<PERFORMNUD,DAD>
	media: autoselect (<unknown type>)
	status: inactive
en0: flags=8863<UP,BROADCAST,SMART,RUNNING,SIMPLEX,MULTICAST> mtu 1500
	options=6460<TSO4,TSO6,CHANNEL_IO,PARTIAL_CSUM,ZEROINVERT_CSUM>
	ether d0:88:0c:85:82:15
	inet6 fe80::4e3:b231:e932:2f83%en0 prefixlen 64 secured scopeid 0xd 
	inet 192.168.178.195 netmask 0xffffff00 broadcast 192.168.178.255
	inet6 2003:f8:747:ad00:1041:67ab:f082:c498 prefixlen 64 autoconf secured 
	inet6 2003:f8:747:ad00:480b:36ae:bc37:62f prefixlen 64 deprecated autoconf temporary 
	inet6 2003:f8:747:ad00:c485:c9b0:8b40:b6dd prefixlen 64 autoconf temporary 
	nd6 options=201<PERFORMNUD,DAD>
	media: autoselect
	status: active
awdl0: flags=8843<UP,BROADCAST,RUNNING,SIMPLEX,MULTICAST> mtu 1500
	options=6460<TSO4,TSO6,CHANNEL_IO,PARTIAL_CSUM,ZEROINVERT_CSUM>
	ether ee:c1:67:b4:31:35
	inet6 fe80::ecc1:67ff:feb4:3135%awdl0 prefixlen 64 scopeid 0xe 
	nd6 options=201<PERFORMNUD,DAD>
	media: autoselect
	status: active
llw0: flags=8863<UP,BROADCAST,SMART,RUNNING,SIMPLEX,MULTICAST> mtu 1500
	options=400<CHANNEL_IO>
	ether ee:c1:67:b4:31:35
	inet6 fe80::ecc1:67ff:feb4:3135%llw0 prefixlen 64 scopeid 0xf 
	nd6 options=201<PERFORMNUD,DAD>
	media: autoselect
	status: inactive
utun0: flags=8051<UP,POINTOPOINT,RUNNING,MULTICAST> mtu 1380
	inet6 fe80::7b33:c3fd:6acd:c631%utun0 prefixlen 64 scopeid 0x10 
	nd6 options=201<PERFORMNUD,DAD>
utun1: flags=8051<UP,POINTOPOINT,RUNNING,MULTICAST> mtu 1500
	inet6 fe80::1d06:4262:a2cc:60d7%utun1 prefixlen 64 scopeid 0x11 
	nd6 options=201<PERFORMNUD,DAD>
utun2: flags=8051<UP,POINTOPOINT,RUNNING,MULTICAST> mtu 2000
	inet6 fe80::bc25:e8f5:b9c7:7742%utun2 prefixlen 64 scopeid 0x12 
	nd6 options=201<PERFORMNUD,DAD>
utun3: flags=8051<UP,POINTOPOINT,RUNNING,MULTICAST> mtu 1000
	inet6 fe80::ce81:b1c:bd2c:69e%utun3 prefixlen 64 scopeid 0x13 
	nd6 options=201<PERFORMNUD,DAD>
en5: flags=8863<UP,BROADCAST,SMART,RUNNING,SIMPLEX,MULTICAST> mtu 1500
	options=404<VLAN_MTU,CHANNEL_IO>
	ether 80:6d:97:43:66:b2
	nd6 options=201<PERFORMNUD,DAD>
	media: autoselect (none)
	status: inactive

INFO:werkzeug:127.0.0.1 - - [05/Nov/2023 13:55:30] "GET /main/ipstate HTTP/1.1" 200 -
